{"/Users/wmeetsma/Documents/A10/Rubric Maker/src/context/AppContext.tsx": {"path":"/Users/wmeetsma/Documents/A10/Rubric Maker/src/context/AppContext.tsx","statementMap":{"0":{"start":{"line":54,"column":4},"end":{"line":209,"column":null}},"1":{"start":{"line":55,"column":24},"end":{"line":55,"column":null}},"2":{"start":{"line":57,"column":25},"end":{"line":57,"column":null}},"3":{"start":{"line":58,"column":12},"end":{"line":58,"column":null}},"4":{"start":{"line":59,"column":12},"end":{"line":59,"column":null}},"5":{"start":{"line":62,"column":25},"end":{"line":62,"column":null}},"6":{"start":{"line":62,"column":48},"end":{"line":62,"column":95}},"7":{"start":{"line":63,"column":12},"end":{"line":63,"column":null}},"8":{"start":{"line":64,"column":12},"end":{"line":64,"column":null}},"9":{"start":{"line":67,"column":25},"end":{"line":67,"column":null}},"10":{"start":{"line":67,"column":51},"end":{"line":67,"column":69}},"11":{"start":{"line":68,"column":12},"end":{"line":68,"column":null}},"12":{"start":{"line":69,"column":12},"end":{"line":69,"column":null}},"13":{"start":{"line":72,"column":25},"end":{"line":72,"column":null}},"14":{"start":{"line":73,"column":12},"end":{"line":73,"column":null}},"15":{"start":{"line":74,"column":12},"end":{"line":74,"column":null}},"16":{"start":{"line":77,"column":25},"end":{"line":77,"column":null}},"17":{"start":{"line":77,"column":49},"end":{"line":77,"column":96}},"18":{"start":{"line":78,"column":12},"end":{"line":78,"column":null}},"19":{"start":{"line":79,"column":12},"end":{"line":79,"column":null}},"20":{"start":{"line":82,"column":25},"end":{"line":82,"column":null}},"21":{"start":{"line":82,"column":52},"end":{"line":82,"column":70}},"22":{"start":{"line":83,"column":12},"end":{"line":83,"column":null}},"23":{"start":{"line":84,"column":12},"end":{"line":84,"column":null}},"24":{"start":{"line":87,"column":25},"end":{"line":87,"column":null}},"25":{"start":{"line":88,"column":12},"end":{"line":88,"column":null}},"26":{"start":{"line":89,"column":12},"end":{"line":89,"column":null}},"27":{"start":{"line":92,"column":25},"end":{"line":92,"column":null}},"28":{"start":{"line":92,"column":48},"end":{"line":92,"column":95}},"29":{"start":{"line":93,"column":12},"end":{"line":93,"column":null}},"30":{"start":{"line":94,"column":12},"end":{"line":94,"column":null}},"31":{"start":{"line":97,"column":25},"end":{"line":97,"column":null}},"32":{"start":{"line":97,"column":51},"end":{"line":97,"column":69}},"33":{"start":{"line":98,"column":12},"end":{"line":98,"column":null}},"34":{"start":{"line":99,"column":12},"end":{"line":99,"column":null}},"35":{"start":{"line":102,"column":27},"end":{"line":102,"column":null}},"36":{"start":{"line":102,"column":64},"end":{"line":102,"column":91}},"37":{"start":{"line":103,"column":25},"end":{"line":105,"column":null}},"38":{"start":{"line":104,"column":49},"end":{"line":104,"column":98}},"39":{"start":{"line":106,"column":12},"end":{"line":106,"column":null}},"40":{"start":{"line":107,"column":12},"end":{"line":107,"column":null}},"41":{"start":{"line":110,"column":25},"end":{"line":110,"column":null}},"42":{"start":{"line":110,"column":59},"end":{"line":110,"column":78}},"43":{"start":{"line":111,"column":12},"end":{"line":111,"column":null}},"44":{"start":{"line":112,"column":12},"end":{"line":112,"column":null}},"45":{"start":{"line":115,"column":25},"end":{"line":115,"column":null}},"46":{"start":{"line":116,"column":12},"end":{"line":116,"column":null}},"47":{"start":{"line":117,"column":12},"end":{"line":117,"column":null}},"48":{"start":{"line":120,"column":25},"end":{"line":120,"column":null}},"49":{"start":{"line":120,"column":55},"end":{"line":120,"column":73}},"50":{"start":{"line":121,"column":12},"end":{"line":121,"column":null}},"51":{"start":{"line":122,"column":12},"end":{"line":122,"column":null}},"52":{"start":{"line":125,"column":25},"end":{"line":125,"column":null}},"53":{"start":{"line":126,"column":12},"end":{"line":126,"column":null}},"54":{"start":{"line":127,"column":12},"end":{"line":127,"column":null}},"55":{"start":{"line":130,"column":25},"end":{"line":130,"column":null}},"56":{"start":{"line":130,"column":53},"end":{"line":130,"column":102}},"57":{"start":{"line":131,"column":12},"end":{"line":131,"column":null}},"58":{"start":{"line":132,"column":12},"end":{"line":132,"column":null}},"59":{"start":{"line":135,"column":25},"end":{"line":135,"column":null}},"60":{"start":{"line":135,"column":56},"end":{"line":135,"column":75}},"61":{"start":{"line":136,"column":12},"end":{"line":136,"column":null}},"62":{"start":{"line":137,"column":12},"end":{"line":137,"column":null}},"63":{"start":{"line":140,"column":25},"end":{"line":140,"column":null}},"64":{"start":{"line":141,"column":12},"end":{"line":141,"column":null}},"65":{"start":{"line":142,"column":12},"end":{"line":142,"column":null}},"66":{"start":{"line":145,"column":25},"end":{"line":145,"column":null}},"67":{"start":{"line":145,"column":57},"end":{"line":145,"column":106}},"68":{"start":{"line":146,"column":12},"end":{"line":146,"column":null}},"69":{"start":{"line":147,"column":12},"end":{"line":147,"column":null}},"70":{"start":{"line":150,"column":25},"end":{"line":150,"column":null}},"71":{"start":{"line":150,"column":60},"end":{"line":150,"column":79}},"72":{"start":{"line":151,"column":12},"end":{"line":151,"column":null}},"73":{"start":{"line":152,"column":12},"end":{"line":152,"column":null}},"74":{"start":{"line":155,"column":25},"end":{"line":155,"column":null}},"75":{"start":{"line":156,"column":12},"end":{"line":156,"column":null}},"76":{"start":{"line":157,"column":12},"end":{"line":157,"column":null}},"77":{"start":{"line":160,"column":12},"end":{"line":160,"column":null}},"78":{"start":{"line":160,"column":50},"end":{"line":160,"column":80}},"79":{"start":{"line":160,"column":83},"end":{"line":160,"column":null}},"80":{"start":{"line":161,"column":25},"end":{"line":161,"column":null}},"81":{"start":{"line":162,"column":12},"end":{"line":162,"column":null}},"82":{"start":{"line":163,"column":12},"end":{"line":163,"column":null}},"83":{"start":{"line":166,"column":25},"end":{"line":166,"column":null}},"84":{"start":{"line":166,"column":61},"end":{"line":166,"column":83}},"85":{"start":{"line":167,"column":12},"end":{"line":167,"column":null}},"86":{"start":{"line":168,"column":12},"end":{"line":168,"column":null}},"87":{"start":{"line":171,"column":25},"end":{"line":171,"column":null}},"88":{"start":{"line":172,"column":12},"end":{"line":172,"column":null}},"89":{"start":{"line":173,"column":12},"end":{"line":173,"column":null}},"90":{"start":{"line":176,"column":25},"end":{"line":176,"column":null}},"91":{"start":{"line":176,"column":52},"end":{"line":176,"column":99}},"92":{"start":{"line":177,"column":12},"end":{"line":177,"column":null}},"93":{"start":{"line":178,"column":12},"end":{"line":178,"column":null}},"94":{"start":{"line":181,"column":25},"end":{"line":181,"column":null}},"95":{"start":{"line":181,"column":55},"end":{"line":181,"column":73}},"96":{"start":{"line":182,"column":12},"end":{"line":182,"column":null}},"97":{"start":{"line":183,"column":12},"end":{"line":183,"column":null}},"98":{"start":{"line":186,"column":25},"end":{"line":186,"column":null}},"99":{"start":{"line":187,"column":12},"end":{"line":187,"column":null}},"100":{"start":{"line":188,"column":12},"end":{"line":188,"column":null}},"101":{"start":{"line":191,"column":25},"end":{"line":191,"column":null}},"102":{"start":{"line":191,"column":59},"end":{"line":191,"column":77}},"103":{"start":{"line":192,"column":12},"end":{"line":192,"column":null}},"104":{"start":{"line":193,"column":12},"end":{"line":193,"column":null}},"105":{"start":{"line":196,"column":27},"end":{"line":196,"column":null}},"106":{"start":{"line":196,"column":61},"end":{"line":196,"column":88}},"107":{"start":{"line":197,"column":25},"end":{"line":199,"column":null}},"108":{"start":{"line":198,"column":46},"end":{"line":198,"column":95}},"109":{"start":{"line":200,"column":12},"end":{"line":200,"column":null}},"110":{"start":{"line":201,"column":12},"end":{"line":201,"column":null}},"111":{"start":{"line":204,"column":25},"end":{"line":204,"column":null}},"112":{"start":{"line":204,"column":56},"end":{"line":204,"column":75}},"113":{"start":{"line":205,"column":12},"end":{"line":205,"column":null}},"114":{"start":{"line":206,"column":12},"end":{"line":206,"column":null}},"115":{"start":{"line":208,"column":17},"end":{"line":208,"column":null}},"116":{"start":{"line":259,"column":6},"end":{"line":259,"column":null}},"117":{"start":{"line":262,"column":26},"end":{"line":262,"column":null}},"118":{"start":{"line":264,"column":4},"end":{"line":266,"column":null}},"119":{"start":{"line":265,"column":8},"end":{"line":265,"column":null}},"120":{"start":{"line":268,"column":4},"end":{"line":276,"column":null}},"121":{"start":{"line":269,"column":23},"end":{"line":269,"column":null}},"122":{"start":{"line":270,"column":21},"end":{"line":270,"column":null}},"123":{"start":{"line":271,"column":8},"end":{"line":271,"column":null}},"124":{"start":{"line":273,"column":8},"end":{"line":273,"column":null}},"125":{"start":{"line":274,"column":8},"end":{"line":274,"column":null}},"126":{"start":{"line":275,"column":8},"end":{"line":275,"column":null}},"127":{"start":{"line":278,"column":10},"end":{"line":283,"column":null}},"128":{"start":{"line":279,"column":14},"end":{"line":279,"column":null}},"129":{"start":{"line":280,"column":31},"end":{"line":280,"column":null}},"130":{"start":{"line":281,"column":8},"end":{"line":281,"column":null}},"131":{"start":{"line":282,"column":8},"end":{"line":282,"column":null}},"132":{"start":{"line":285,"column":10},"end":{"line":287,"column":null}},"133":{"start":{"line":286,"column":8},"end":{"line":286,"column":null}},"134":{"start":{"line":289,"column":10},"end":{"line":289,"column":null}},"135":{"start":{"line":289,"column":53},"end":{"line":289,"column":94}},"136":{"start":{"line":291,"column":10},"end":{"line":295,"column":null}},"137":{"start":{"line":292,"column":33},"end":{"line":292,"column":null}},"138":{"start":{"line":293,"column":8},"end":{"line":293,"column":null}},"139":{"start":{"line":294,"column":8},"end":{"line":294,"column":null}},"140":{"start":{"line":297,"column":10},"end":{"line":297,"column":null}},"141":{"start":{"line":297,"column":54},"end":{"line":297,"column":104}},"142":{"start":{"line":298,"column":10},"end":{"line":298,"column":null}},"143":{"start":{"line":298,"column":54},"end":{"line":298,"column":96}},"144":{"start":{"line":300,"column":10},"end":{"line":304,"column":null}},"145":{"start":{"line":301,"column":27},"end":{"line":301,"column":null}},"146":{"start":{"line":302,"column":8},"end":{"line":302,"column":null}},"147":{"start":{"line":303,"column":8},"end":{"line":303,"column":null}},"148":{"start":{"line":305,"column":10},"end":{"line":305,"column":null}},"149":{"start":{"line":305,"column":50},"end":{"line":305,"column":98}},"150":{"start":{"line":306,"column":10},"end":{"line":311,"column":null}},"151":{"start":{"line":307,"column":8},"end":{"line":309,"column":null}},"152":{"start":{"line":308,"column":12},"end":{"line":308,"column":null}},"153":{"start":{"line":308,"column":39},"end":{"line":308,"column":55}},"154":{"start":{"line":308,"column":70},"end":{"line":308,"column":89}},"155":{"start":{"line":310,"column":8},"end":{"line":310,"column":null}},"156":{"start":{"line":313,"column":10},"end":{"line":319,"column":null}},"157":{"start":{"line":315,"column":31},"end":{"line":315,"column":null}},"158":{"start":{"line":315,"column":58},"end":{"line":315,"column":85}},"159":{"start":{"line":316,"column":8},"end":{"line":316,"column":null}},"160":{"start":{"line":316,"column":36},"end":{"line":316,"column":83}},"161":{"start":{"line":318,"column":8},"end":{"line":318,"column":null}},"162":{"start":{"line":321,"column":10},"end":{"line":323,"column":null}},"163":{"start":{"line":322,"column":8},"end":{"line":322,"column":null}},"164":{"start":{"line":325,"column":10},"end":{"line":343,"column":null}},"165":{"start":{"line":326,"column":23},"end":{"line":326,"column":null}},"166":{"start":{"line":326,"column":47},"end":{"line":326,"column":64}},"167":{"start":{"line":327,"column":14},"end":{"line":332,"column":null}},"168":{"start":{"line":327,"column":73},"end":{"line":332,"column":10}},"169":{"start":{"line":333,"column":34},"end":{"line":340,"column":null}},"170":{"start":{"line":341,"column":8},"end":{"line":341,"column":null}},"171":{"start":{"line":342,"column":8},"end":{"line":342,"column":null}},"172":{"start":{"line":345,"column":10},"end":{"line":345,"column":null}},"173":{"start":{"line":345,"column":60},"end":{"line":345,"column":109}},"174":{"start":{"line":347,"column":10},"end":{"line":351,"column":null}},"175":{"start":{"line":348,"column":32},"end":{"line":348,"column":null}},"176":{"start":{"line":349,"column":8},"end":{"line":349,"column":null}},"177":{"start":{"line":350,"column":8},"end":{"line":350,"column":null}},"178":{"start":{"line":353,"column":10},"end":{"line":353,"column":null}},"179":{"start":{"line":353,"column":57},"end":{"line":353,"column":102}},"180":{"start":{"line":355,"column":10},"end":{"line":359,"column":null}},"181":{"start":{"line":356,"column":34},"end":{"line":356,"column":null}},"182":{"start":{"line":357,"column":8},"end":{"line":357,"column":null}},"183":{"start":{"line":358,"column":8},"end":{"line":358,"column":null}},"184":{"start":{"line":361,"column":10},"end":{"line":361,"column":null}},"185":{"start":{"line":361,"column":61},"end":{"line":361,"column":116}},"186":{"start":{"line":362,"column":10},"end":{"line":362,"column":null}},"187":{"start":{"line":362,"column":57},"end":{"line":362,"column":103}},"188":{"start":{"line":364,"column":10},"end":{"line":368,"column":null}},"189":{"start":{"line":365,"column":37},"end":{"line":365,"column":null}},"190":{"start":{"line":366,"column":8},"end":{"line":366,"column":null}},"191":{"start":{"line":367,"column":8},"end":{"line":367,"column":null}},"192":{"start":{"line":370,"column":10},"end":{"line":370,"column":null}},"193":{"start":{"line":370,"column":69},"end":{"line":370,"column":128}},"194":{"start":{"line":371,"column":10},"end":{"line":371,"column":null}},"195":{"start":{"line":371,"column":61},"end":{"line":371,"column":111}},"196":{"start":{"line":372,"column":10},"end":{"line":372,"column":null}},"197":{"start":{"line":372,"column":68},"end":{"line":372,"column":119}},"198":{"start":{"line":374,"column":10},"end":{"line":377,"column":null}},"199":{"start":{"line":375,"column":8},"end":{"line":376,"column":null}},"200":{"start":{"line":375,"column":44},"end":{"line":375,"column":88}},"201":{"start":{"line":379,"column":10},"end":{"line":379,"column":null}},"202":{"start":{"line":379,"column":67},"end":{"line":379,"column":124}},"203":{"start":{"line":380,"column":10},"end":{"line":380,"column":null}},"204":{"start":{"line":380,"column":65},"end":{"line":380,"column":119}},"205":{"start":{"line":381,"column":10},"end":{"line":381,"column":null}},"206":{"start":{"line":381,"column":61},"end":{"line":381,"column":113}},"207":{"start":{"line":381,"column":95},"end":{"line":381,"column":110}},"208":{"start":{"line":383,"column":10},"end":{"line":387,"column":null}},"209":{"start":{"line":384,"column":38},"end":{"line":384,"column":null}},"210":{"start":{"line":385,"column":8},"end":{"line":385,"column":null}},"211":{"start":{"line":386,"column":8},"end":{"line":386,"column":null}},"212":{"start":{"line":389,"column":10},"end":{"line":389,"column":null}},"213":{"start":{"line":389,"column":73},"end":{"line":389,"column":136}},"214":{"start":{"line":390,"column":10},"end":{"line":390,"column":null}},"215":{"start":{"line":390,"column":62},"end":{"line":390,"column":114}},"216":{"start":{"line":392,"column":10},"end":{"line":396,"column":null}},"217":{"start":{"line":393,"column":41},"end":{"line":393,"column":null}},"218":{"start":{"line":394,"column":8},"end":{"line":394,"column":null}},"219":{"start":{"line":395,"column":8},"end":{"line":395,"column":null}},"220":{"start":{"line":397,"column":10},"end":{"line":397,"column":null}},"221":{"start":{"line":397,"column":61},"end":{"line":397,"column":111}},"222":{"start":{"line":399,"column":10},"end":{"line":401,"column":null}},"223":{"start":{"line":400,"column":8},"end":{"line":400,"column":null}},"224":{"start":{"line":403,"column":10},"end":{"line":403,"column":null}},"225":{"start":{"line":403,"column":57},"end":{"line":403,"column":103}},"226":{"start":{"line":406,"column":42},"end":{"line":406,"column":null}},"227":{"start":{"line":407,"column":10},"end":{"line":407,"column":null}},"228":{"start":{"line":408,"column":46},"end":{"line":408,"column":null}},"229":{"start":{"line":410,"column":4},"end":{"line":416,"column":null}},"230":{"start":{"line":411,"column":8},"end":{"line":415,"column":null}},"231":{"start":{"line":412,"column":12},"end":{"line":412,"column":null}},"232":{"start":{"line":414,"column":12},"end":{"line":414,"column":null}},"233":{"start":{"line":418,"column":10},"end":{"line":424,"column":null}},"234":{"start":{"line":419,"column":8},"end":{"line":423,"column":null}},"235":{"start":{"line":420,"column":12},"end":{"line":420,"column":null}},"236":{"start":{"line":422,"column":12},"end":{"line":422,"column":null}},"237":{"start":{"line":426,"column":10},"end":{"line":432,"column":null}},"238":{"start":{"line":427,"column":8},"end":{"line":431,"column":null}},"239":{"start":{"line":428,"column":12},"end":{"line":428,"column":null}},"240":{"start":{"line":430,"column":12},"end":{"line":430,"column":null}},"241":{"start":{"line":434,"column":10},"end":{"line":444,"column":null}},"242":{"start":{"line":435,"column":8},"end":{"line":435,"column":null}},"243":{"start":{"line":435,"column":30},"end":{"line":435,"column":null}},"244":{"start":{"line":436,"column":8},"end":{"line":443,"column":null}},"245":{"start":{"line":437,"column":18},"end":{"line":437,"column":null}},"246":{"start":{"line":438,"column":12},"end":{"line":438,"column":null}},"247":{"start":{"line":439,"column":12},"end":{"line":439,"column":null}},"248":{"start":{"line":441,"column":12},"end":{"line":441,"column":null}},"249":{"start":{"line":442,"column":12},"end":{"line":442,"column":null}},"250":{"start":{"line":446,"column":10},"end":{"line":458,"column":null}},"251":{"start":{"line":447,"column":8},"end":{"line":447,"column":null}},"252":{"start":{"line":447,"column":30},"end":{"line":447,"column":null}},"253":{"start":{"line":448,"column":8},"end":{"line":457,"column":null}},"254":{"start":{"line":449,"column":28},"end":{"line":449,"column":null}},"255":{"start":{"line":450,"column":12},"end":{"line":453,"column":null}},"256":{"start":{"line":451,"column":29},"end":{"line":451,"column":null}},"257":{"start":{"line":452,"column":16},"end":{"line":452,"column":null}},"258":{"start":{"line":455,"column":12},"end":{"line":455,"column":null}},"259":{"start":{"line":456,"column":12},"end":{"line":456,"column":null}},"260":{"start":{"line":460,"column":35},"end":{"line":478,"column":null}},"261":{"start":{"line":480,"column":4},"end":{"line":480,"column":null}},"262":{"start":{"line":484,"column":10},"end":{"line":484,"column":null}},"263":{"start":{"line":485,"column":4},"end":{"line":485,"column":null}},"264":{"start":{"line":485,"column":14},"end":{"line":485,"column":null}},"265":{"start":{"line":486,"column":4},"end":{"line":486,"column":null}}},"fnMap":{"0":{"name":"reducer","decl":{"start":{"line":53,"column":9},"end":{"line":53,"column":17}},"loc":{"start":{"line":53,"column":62},"end":{"line":210,"column":null}},"line":53},"1":{"name":"(anonymous_1)","decl":{"start":{"line":62,"column":43},"end":{"line":62,"column":48}},"loc":{"start":{"line":62,"column":48},"end":{"line":62,"column":95}},"line":62},"2":{"name":"(anonymous_2)","decl":{"start":{"line":67,"column":46},"end":{"line":67,"column":51}},"loc":{"start":{"line":67,"column":51},"end":{"line":67,"column":69}},"line":67},"3":{"name":"(anonymous_3)","decl":{"start":{"line":77,"column":44},"end":{"line":77,"column":49}},"loc":{"start":{"line":77,"column":49},"end":{"line":77,"column":96}},"line":77},"4":{"name":"(anonymous_4)","decl":{"start":{"line":82,"column":47},"end":{"line":82,"column":52}},"loc":{"start":{"line":82,"column":52},"end":{"line":82,"column":70}},"line":82},"5":{"name":"(anonymous_5)","decl":{"start":{"line":92,"column":43},"end":{"line":92,"column":48}},"loc":{"start":{"line":92,"column":48},"end":{"line":92,"column":95}},"line":92},"6":{"name":"(anonymous_6)","decl":{"start":{"line":97,"column":46},"end":{"line":97,"column":51}},"loc":{"start":{"line":97,"column":51},"end":{"line":97,"column":69}},"line":97},"7":{"name":"(anonymous_7)","decl":{"start":{"line":102,"column":58},"end":{"line":102,"column":64}},"loc":{"start":{"line":102,"column":64},"end":{"line":102,"column":91}},"line":102},"8":{"name":"(anonymous_8)","decl":{"start":{"line":104,"column":43},"end":{"line":104,"column":49}},"loc":{"start":{"line":104,"column":49},"end":{"line":104,"column":98}},"line":104},"9":{"name":"(anonymous_9)","decl":{"start":{"line":110,"column":53},"end":{"line":110,"column":59}},"loc":{"start":{"line":110,"column":59},"end":{"line":110,"column":78}},"line":110},"10":{"name":"(anonymous_10)","decl":{"start":{"line":120,"column":50},"end":{"line":120,"column":55}},"loc":{"start":{"line":120,"column":55},"end":{"line":120,"column":73}},"line":120},"11":{"name":"(anonymous_11)","decl":{"start":{"line":130,"column":47},"end":{"line":130,"column":53}},"loc":{"start":{"line":130,"column":53},"end":{"line":130,"column":102}},"line":130},"12":{"name":"(anonymous_12)","decl":{"start":{"line":135,"column":50},"end":{"line":135,"column":56}},"loc":{"start":{"line":135,"column":56},"end":{"line":135,"column":75}},"line":135},"13":{"name":"(anonymous_13)","decl":{"start":{"line":145,"column":51},"end":{"line":145,"column":57}},"loc":{"start":{"line":145,"column":57},"end":{"line":145,"column":106}},"line":145},"14":{"name":"(anonymous_14)","decl":{"start":{"line":150,"column":54},"end":{"line":150,"column":60}},"loc":{"start":{"line":150,"column":60},"end":{"line":150,"column":79}},"line":150},"15":{"name":"(anonymous_15)","decl":{"start":{"line":160,"column":45},"end":{"line":160,"column":50}},"loc":{"start":{"line":160,"column":50},"end":{"line":160,"column":80}},"line":160},"16":{"name":"(anonymous_16)","decl":{"start":{"line":166,"column":56},"end":{"line":166,"column":61}},"loc":{"start":{"line":166,"column":61},"end":{"line":166,"column":83}},"line":166},"17":{"name":"(anonymous_17)","decl":{"start":{"line":176,"column":47},"end":{"line":176,"column":52}},"loc":{"start":{"line":176,"column":52},"end":{"line":176,"column":99}},"line":176},"18":{"name":"(anonymous_18)","decl":{"start":{"line":181,"column":50},"end":{"line":181,"column":55}},"loc":{"start":{"line":181,"column":55},"end":{"line":181,"column":73}},"line":181},"19":{"name":"(anonymous_19)","decl":{"start":{"line":191,"column":54},"end":{"line":191,"column":59}},"loc":{"start":{"line":191,"column":59},"end":{"line":191,"column":77}},"line":191},"20":{"name":"(anonymous_20)","decl":{"start":{"line":196,"column":55},"end":{"line":196,"column":61}},"loc":{"start":{"line":196,"column":61},"end":{"line":196,"column":88}},"line":196},"21":{"name":"(anonymous_21)","decl":{"start":{"line":198,"column":40},"end":{"line":198,"column":46}},"loc":{"start":{"line":198,"column":46},"end":{"line":198,"column":95}},"line":198},"22":{"name":"(anonymous_22)","decl":{"start":{"line":204,"column":50},"end":{"line":204,"column":56}},"loc":{"start":{"line":204,"column":56},"end":{"line":204,"column":75}},"line":204},"23":{"name":"AppProvider","decl":{"start":{"line":261,"column":16},"end":{"line":261,"column":28}},"loc":{"start":{"line":261,"column":67},"end":{"line":481,"column":null}},"line":261},"24":{"name":"(anonymous_24)","decl":{"start":{"line":264,"column":14},"end":{"line":264,"column":20}},"loc":{"start":{"line":264,"column":20},"end":{"line":266,"column":7}},"line":264},"25":{"name":"(anonymous_25)","decl":{"start":{"line":268,"column":14},"end":{"line":268,"column":20}},"loc":{"start":{"line":268,"column":20},"end":{"line":276,"column":7}},"line":268},"26":{"name":"(anonymous_26)","decl":{"start":{"line":278,"column":34},"end":{"line":278,"column":35}},"loc":{"start":{"line":278,"column":97},"end":{"line":283,"column":7}},"line":278},"27":{"name":"(anonymous_27)","decl":{"start":{"line":285,"column":37},"end":{"line":285,"column":38}},"loc":{"start":{"line":285,"column":52},"end":{"line":287,"column":7}},"line":285},"28":{"name":"(anonymous_28)","decl":{"start":{"line":289,"column":37},"end":{"line":289,"column":38}},"loc":{"start":{"line":289,"column":53},"end":{"line":289,"column":94}},"line":289},"29":{"name":"(anonymous_29)","decl":{"start":{"line":291,"column":35},"end":{"line":291,"column":36}},"loc":{"start":{"line":291,"column":72},"end":{"line":295,"column":7}},"line":291},"30":{"name":"(anonymous_30)","decl":{"start":{"line":297,"column":38},"end":{"line":297,"column":39}},"loc":{"start":{"line":297,"column":54},"end":{"line":297,"column":104}},"line":297},"31":{"name":"(anonymous_31)","decl":{"start":{"line":298,"column":38},"end":{"line":298,"column":39}},"loc":{"start":{"line":298,"column":54},"end":{"line":298,"column":96}},"line":298},"32":{"name":"(anonymous_32)","decl":{"start":{"line":300,"column":33},"end":{"line":300,"column":34}},"loc":{"start":{"line":300,"column":66},"end":{"line":304,"column":7}},"line":300},"33":{"name":"(anonymous_33)","decl":{"start":{"line":305,"column":36},"end":{"line":305,"column":37}},"loc":{"start":{"line":305,"column":50},"end":{"line":305,"column":98}},"line":305},"34":{"name":"(anonymous_34)","decl":{"start":{"line":306,"column":36},"end":{"line":306,"column":37}},"loc":{"start":{"line":306,"column":85},"end":{"line":311,"column":7}},"line":306},"35":{"name":"(anonymous_35)","decl":{"start":{"line":308,"column":34},"end":{"line":308,"column":39}},"loc":{"start":{"line":308,"column":39},"end":{"line":308,"column":55}},"line":308},"36":{"name":"(anonymous_36)","decl":{"start":{"line":308,"column":65},"end":{"line":308,"column":70}},"loc":{"start":{"line":308,"column":70},"end":{"line":308,"column":89}},"line":308},"37":{"name":"(anonymous_37)","decl":{"start":{"line":313,"column":37},"end":{"line":313,"column":38}},"loc":{"start":{"line":313,"column":87},"end":{"line":319,"column":7}},"line":313},"38":{"name":"(anonymous_38)","decl":{"start":{"line":315,"column":53},"end":{"line":315,"column":58}},"loc":{"start":{"line":315,"column":58},"end":{"line":315,"column":85}},"line":315},"39":{"name":"(anonymous_39)","decl":{"start":{"line":316,"column":31},"end":{"line":316,"column":36}},"loc":{"start":{"line":316,"column":36},"end":{"line":316,"column":83}},"line":316},"40":{"name":"(anonymous_40)","decl":{"start":{"line":321,"column":44},"end":{"line":321,"column":45}},"loc":{"start":{"line":321,"column":67},"end":{"line":323,"column":7}},"line":321},"41":{"name":"(anonymous_41)","decl":{"start":{"line":325,"column":44},"end":{"line":325,"column":45}},"loc":{"start":{"line":325,"column":100},"end":{"line":343,"column":7}},"line":325},"42":{"name":"(anonymous_42)","decl":{"start":{"line":326,"column":42},"end":{"line":326,"column":47}},"loc":{"start":{"line":326,"column":47},"end":{"line":326,"column":64}},"line":326},"43":{"name":"(anonymous_43)","decl":{"start":{"line":327,"column":67},"end":{"line":327,"column":73}},"loc":{"start":{"line":327,"column":73},"end":{"line":332,"column":10}},"line":327},"44":{"name":"(anonymous_44)","decl":{"start":{"line":345,"column":44},"end":{"line":345,"column":45}},"loc":{"start":{"line":345,"column":60},"end":{"line":345,"column":109}},"line":345},"45":{"name":"(anonymous_45)","decl":{"start":{"line":347,"column":38},"end":{"line":347,"column":39}},"loc":{"start":{"line":347,"column":93},"end":{"line":351,"column":7}},"line":347},"46":{"name":"(anonymous_46)","decl":{"start":{"line":353,"column":41},"end":{"line":353,"column":42}},"loc":{"start":{"line":353,"column":57},"end":{"line":353,"column":102}},"line":353},"47":{"name":"(anonymous_47)","decl":{"start":{"line":355,"column":38},"end":{"line":355,"column":39}},"loc":{"start":{"line":355,"column":82},"end":{"line":359,"column":7}},"line":355},"48":{"name":"(anonymous_48)","decl":{"start":{"line":361,"column":41},"end":{"line":361,"column":42}},"loc":{"start":{"line":361,"column":61},"end":{"line":361,"column":116}},"line":361},"49":{"name":"(anonymous_49)","decl":{"start":{"line":362,"column":41},"end":{"line":362,"column":42}},"loc":{"start":{"line":362,"column":57},"end":{"line":362,"column":103}},"line":362},"50":{"name":"(anonymous_50)","decl":{"start":{"line":364,"column":42},"end":{"line":364,"column":43}},"loc":{"start":{"line":364,"column":89},"end":{"line":368,"column":7}},"line":364},"51":{"name":"(anonymous_51)","decl":{"start":{"line":370,"column":45},"end":{"line":370,"column":46}},"loc":{"start":{"line":370,"column":69},"end":{"line":370,"column":128}},"line":370},"52":{"name":"(anonymous_52)","decl":{"start":{"line":371,"column":45},"end":{"line":371,"column":46}},"loc":{"start":{"line":371,"column":61},"end":{"line":371,"column":111}},"line":371},"53":{"name":"(anonymous_53)","decl":{"start":{"line":372,"column":39},"end":{"line":372,"column":40}},"loc":{"start":{"line":372,"column":68},"end":{"line":372,"column":119}},"line":372},"54":{"name":"(anonymous_54)","decl":{"start":{"line":374,"column":44},"end":{"line":374,"column":62}},"loc":{"start":{"line":374,"column":62},"end":{"line":377,"column":7}},"line":374},"55":{"name":"(anonymous_55)","decl":{"start":{"line":375,"column":38},"end":{"line":375,"column":44}},"loc":{"start":{"line":375,"column":44},"end":{"line":375,"column":88}},"line":375},"56":{"name":"(anonymous_56)","decl":{"start":{"line":379,"column":44},"end":{"line":379,"column":45}},"loc":{"start":{"line":379,"column":67},"end":{"line":379,"column":124}},"line":379},"57":{"name":"(anonymous_57)","decl":{"start":{"line":380,"column":47},"end":{"line":380,"column":48}},"loc":{"start":{"line":380,"column":65},"end":{"line":380,"column":119}},"line":380},"58":{"name":"(anonymous_58)","decl":{"start":{"line":381,"column":43},"end":{"line":381,"column":44}},"loc":{"start":{"line":381,"column":61},"end":{"line":381,"column":113}},"line":381},"59":{"name":"(anonymous_59)","decl":{"start":{"line":381,"column":90},"end":{"line":381,"column":95}},"loc":{"start":{"line":381,"column":95},"end":{"line":381,"column":110}},"line":381},"60":{"name":"(anonymous_60)","decl":{"start":{"line":383,"column":43},"end":{"line":383,"column":44}},"loc":{"start":{"line":383,"column":94},"end":{"line":387,"column":7}},"line":383},"61":{"name":"(anonymous_61)","decl":{"start":{"line":389,"column":46},"end":{"line":389,"column":47}},"loc":{"start":{"line":389,"column":73},"end":{"line":389,"column":136}},"line":389},"62":{"name":"(anonymous_62)","decl":{"start":{"line":390,"column":46},"end":{"line":390,"column":47}},"loc":{"start":{"line":390,"column":62},"end":{"line":390,"column":114}},"line":390},"63":{"name":"(anonymous_63)","decl":{"start":{"line":392,"column":42},"end":{"line":392,"column":43}},"loc":{"start":{"line":392,"column":105},"end":{"line":396,"column":7}},"line":392},"64":{"name":"(anonymous_64)","decl":{"start":{"line":397,"column":45},"end":{"line":397,"column":46}},"loc":{"start":{"line":397,"column":61},"end":{"line":397,"column":111}},"line":397},"65":{"name":"(anonymous_65)","decl":{"start":{"line":399,"column":39},"end":{"line":399,"column":40}},"loc":{"start":{"line":399,"column":62},"end":{"line":401,"column":7}},"line":399},"66":{"name":"(anonymous_66)","decl":{"start":{"line":403,"column":41},"end":{"line":403,"column":42}},"loc":{"start":{"line":403,"column":57},"end":{"line":403,"column":103}},"line":403},"67":{"name":"(anonymous_67)","decl":{"start":{"line":410,"column":20},"end":{"line":410,"column":26}},"loc":{"start":{"line":410,"column":26},"end":{"line":416,"column":7}},"line":410},"68":{"name":"(anonymous_68)","decl":{"start":{"line":418,"column":39},"end":{"line":418,"column":51}},"loc":{"start":{"line":418,"column":51},"end":{"line":424,"column":7}},"line":418},"69":{"name":"(anonymous_69)","decl":{"start":{"line":426,"column":40},"end":{"line":426,"column":52}},"loc":{"start":{"line":426,"column":52},"end":{"line":432,"column":7}},"line":426},"70":{"name":"(anonymous_70)","decl":{"start":{"line":434,"column":39},"end":{"line":434,"column":51}},"loc":{"start":{"line":434,"column":51},"end":{"line":444,"column":7}},"line":434},"71":{"name":"(anonymous_71)","decl":{"start":{"line":446,"column":44},"end":{"line":446,"column":56}},"loc":{"start":{"line":446,"column":56},"end":{"line":458,"column":7}},"line":446},"72":{"name":"useApp","decl":{"start":{"line":483,"column":16},"end":{"line":483,"column":42}},"loc":{"start":{"line":483,"column":42},"end":{"line":487,"column":null}},"line":483}},"branchMap":{"0":{"loc":{"start":{"line":54,"column":4},"end":{"line":209,"column":null}},"type":"switch","locations":[{"start":{"line":55,"column":8},"end":{"line":55,"column":null}},{"start":{"line":56,"column":8},"end":{"line":60,"column":null}},{"start":{"line":61,"column":8},"end":{"line":65,"column":null}},{"start":{"line":66,"column":8},"end":{"line":70,"column":null}},{"start":{"line":71,"column":8},"end":{"line":75,"column":null}},{"start":{"line":76,"column":8},"end":{"line":80,"column":null}},{"start":{"line":81,"column":8},"end":{"line":85,"column":null}},{"start":{"line":86,"column":8},"end":{"line":90,"column":null}},{"start":{"line":91,"column":8},"end":{"line":95,"column":null}},{"start":{"line":96,"column":8},"end":{"line":100,"column":null}},{"start":{"line":101,"column":8},"end":{"line":108,"column":null}},{"start":{"line":109,"column":8},"end":{"line":113,"column":null}},{"start":{"line":114,"column":8},"end":{"line":118,"column":null}},{"start":{"line":119,"column":8},"end":{"line":123,"column":null}},{"start":{"line":124,"column":8},"end":{"line":128,"column":null}},{"start":{"line":129,"column":8},"end":{"line":133,"column":null}},{"start":{"line":134,"column":8},"end":{"line":138,"column":null}},{"start":{"line":139,"column":8},"end":{"line":143,"column":null}},{"start":{"line":144,"column":8},"end":{"line":148,"column":null}},{"start":{"line":149,"column":8},"end":{"line":153,"column":null}},{"start":{"line":154,"column":8},"end":{"line":158,"column":null}},{"start":{"line":159,"column":8},"end":{"line":164,"column":null}},{"start":{"line":165,"column":8},"end":{"line":169,"column":null}},{"start":{"line":170,"column":8},"end":{"line":174,"column":null}},{"start":{"line":175,"column":8},"end":{"line":179,"column":null}},{"start":{"line":180,"column":8},"end":{"line":184,"column":null}},{"start":{"line":185,"column":8},"end":{"line":189,"column":null}},{"start":{"line":190,"column":8},"end":{"line":194,"column":null}},{"start":{"line":195,"column":8},"end":{"line":202,"column":null}},{"start":{"line":203,"column":8},"end":{"line":207,"column":null}},{"start":{"line":208,"column":8},"end":{"line":208,"column":null}}],"line":54},"1":{"loc":{"start":{"line":62,"column":48},"end":{"line":62,"column":95}},"type":"cond-expr","locations":[{"start":{"line":62,"column":77},"end":{"line":62,"column":94}},{"start":{"line":62,"column":94},"end":{"line":62,"column":95}}],"line":62},"2":{"loc":{"start":{"line":77,"column":49},"end":{"line":77,"column":96}},"type":"cond-expr","locations":[{"start":{"line":77,"column":78},"end":{"line":77,"column":95}},{"start":{"line":77,"column":95},"end":{"line":77,"column":96}}],"line":77},"3":{"loc":{"start":{"line":92,"column":48},"end":{"line":92,"column":95}},"type":"cond-expr","locations":[{"start":{"line":92,"column":77},"end":{"line":92,"column":94}},{"start":{"line":92,"column":94},"end":{"line":92,"column":95}}],"line":92},"4":{"loc":{"start":{"line":103,"column":25},"end":{"line":105,"column":null}},"type":"cond-expr","locations":[{"start":{"line":104,"column":18},"end":{"line":104,"column":null}},{"start":{"line":105,"column":18},"end":{"line":105,"column":null}}],"line":103},"5":{"loc":{"start":{"line":104,"column":49},"end":{"line":104,"column":98}},"type":"cond-expr","locations":[{"start":{"line":104,"column":79},"end":{"line":104,"column":96}},{"start":{"line":104,"column":96},"end":{"line":104,"column":98}}],"line":104},"6":{"loc":{"start":{"line":130,"column":53},"end":{"line":130,"column":102}},"type":"cond-expr","locations":[{"start":{"line":130,"column":83},"end":{"line":130,"column":100}},{"start":{"line":130,"column":100},"end":{"line":130,"column":102}}],"line":130},"7":{"loc":{"start":{"line":145,"column":57},"end":{"line":145,"column":106}},"type":"cond-expr","locations":[{"start":{"line":145,"column":87},"end":{"line":145,"column":104}},{"start":{"line":145,"column":104},"end":{"line":145,"column":106}}],"line":145},"8":{"loc":{"start":{"line":160,"column":12},"end":{"line":160,"column":null}},"type":"if","locations":[{"start":{"line":160,"column":12},"end":{"line":160,"column":null}},{"start":{},"end":{}}],"line":160},"9":{"loc":{"start":{"line":176,"column":52},"end":{"line":176,"column":99}},"type":"cond-expr","locations":[{"start":{"line":176,"column":81},"end":{"line":176,"column":98}},{"start":{"line":176,"column":98},"end":{"line":176,"column":99}}],"line":176},"10":{"loc":{"start":{"line":197,"column":25},"end":{"line":199,"column":null}},"type":"cond-expr","locations":[{"start":{"line":198,"column":18},"end":{"line":198,"column":null}},{"start":{"line":199,"column":18},"end":{"line":199,"column":null}}],"line":197},"11":{"loc":{"start":{"line":198,"column":46},"end":{"line":198,"column":95}},"type":"cond-expr","locations":[{"start":{"line":198,"column":76},"end":{"line":198,"column":93}},{"start":{"line":198,"column":93},"end":{"line":198,"column":95}}],"line":198},"12":{"loc":{"start":{"line":269,"column":23},"end":{"line":269,"column":null}},"type":"binary-expr","locations":[{"start":{"line":269,"column":23},"end":{"line":269,"column":53}},{"start":{"line":269,"column":53},"end":{"line":269,"column":null}}],"line":269},"13":{"loc":{"start":{"line":306,"column":49},"end":{"line":306,"column":85}},"type":"default-arg","locations":[{"start":{"line":306,"column":75},"end":{"line":306,"column":85}}],"line":306},"14":{"loc":{"start":{"line":307,"column":8},"end":{"line":309,"column":null}},"type":"if","locations":[{"start":{"line":307,"column":8},"end":{"line":309,"column":null}},{"start":{},"end":{}}],"line":307},"15":{"loc":{"start":{"line":327,"column":39},"end":{"line":327,"column":63}},"type":"binary-expr","locations":[{"start":{"line":327,"column":39},"end":{"line":327,"column":59}},{"start":{"line":327,"column":59},"end":{"line":327,"column":63}}],"line":327},"16":{"loc":{"start":{"line":375,"column":15},"end":{"line":376,"column":null}},"type":"binary-expr","locations":[{"start":{"line":375,"column":15},"end":{"line":375,"column":null}},{"start":{"line":376,"column":15},"end":{"line":376,"column":null}}],"line":375},"17":{"loc":{"start":{"line":411,"column":8},"end":{"line":415,"column":null}},"type":"if","locations":[{"start":{"line":411,"column":8},"end":{"line":415,"column":null}},{"start":{"line":413,"column":15},"end":{"line":415,"column":null}}],"line":411},"18":{"loc":{"start":{"line":435,"column":8},"end":{"line":435,"column":null}},"type":"if","locations":[{"start":{"line":435,"column":8},"end":{"line":435,"column":null}},{"start":{},"end":{}}],"line":435},"19":{"loc":{"start":{"line":447,"column":8},"end":{"line":447,"column":null}},"type":"if","locations":[{"start":{"line":447,"column":8},"end":{"line":447,"column":null}},{"start":{},"end":{}}],"line":447},"20":{"loc":{"start":{"line":450,"column":12},"end":{"line":453,"column":null}},"type":"if","locations":[{"start":{"line":450,"column":12},"end":{"line":453,"column":null}},{"start":{},"end":{}}],"line":450},"21":{"loc":{"start":{"line":485,"column":4},"end":{"line":485,"column":null}},"type":"if","locations":[{"start":{"line":485,"column":4},"end":{"line":485,"column":null}},{"start":{},"end":{}}],"line":485}},"s":{"0":34,"1":1,"2":4,"3":4,"4":4,"5":1,"6":1,"7":1,"8":1,"9":1,"10":1,"11":1,"12":1,"13":1,"14":1,"15":1,"16":1,"17":1,"18":1,"19":1,"20":0,"21":0,"22":0,"23":0,"24":2,"25":2,"26":2,"27":0,"28":0,"29":0,"30":0,"31":1,"32":2,"33":1,"34":1,"35":3,"36":1,"37":3,"38":1,"39":3,"40":3,"41":0,"42":0,"43":0,"44":0,"45":1,"46":1,"47":1,"48":1,"49":1,"50":1,"51":1,"52":1,"53":1,"54":1,"55":1,"56":2,"57":1,"58":1,"59":1,"60":2,"61":1,"62":1,"63":1,"64":1,"65":1,"66":1,"67":1,"68":1,"69":1,"70":1,"71":1,"72":1,"73":1,"74":2,"75":2,"76":2,"77":1,"78":0,"79":0,"80":1,"81":1,"82":1,"83":1,"84":1,"85":1,"86":1,"87":1,"88":1,"89":1,"90":1,"91":1,"92":1,"93":1,"94":1,"95":1,"96":1,"97":1,"98":1,"99":1,"100":1,"101":1,"102":1,"103":1,"104":1,"105":1,"106":0,"107":1,"108":0,"109":1,"110":1,"111":1,"112":1,"113":1,"114":1,"115":0,"116":1,"117":50,"118":50,"119":19,"120":50,"121":18,"122":18,"123":18,"124":18,"125":18,"126":18,"127":50,"128":4,"129":4,"130":4,"131":4,"132":50,"133":1,"134":50,"135":1,"136":50,"137":1,"138":1,"139":1,"140":50,"141":1,"142":50,"143":0,"144":50,"145":2,"146":2,"147":2,"148":50,"149":0,"150":50,"151":1,"152":0,"153":0,"154":0,"155":1,"156":50,"157":1,"158":1,"159":1,"160":1,"161":1,"162":50,"163":2,"164":50,"165":1,"166":1,"167":1,"168":1,"169":1,"170":1,"171":1,"172":50,"173":0,"174":50,"175":1,"176":1,"177":1,"178":50,"179":1,"180":50,"181":1,"182":1,"183":1,"184":50,"185":1,"186":50,"187":1,"188":50,"189":1,"190":1,"191":1,"192":50,"193":1,"194":50,"195":1,"196":50,"197":2,"198":50,"199":1,"200":1,"201":50,"202":1,"203":50,"204":1,"205":50,"206":1,"207":1,"208":50,"209":1,"210":1,"211":1,"212":50,"213":1,"214":50,"215":1,"216":50,"217":1,"218":1,"219":1,"220":50,"221":1,"222":50,"223":1,"224":50,"225":1,"226":50,"227":50,"228":50,"229":50,"230":18,"231":2,"232":16,"233":50,"234":0,"235":0,"236":0,"237":50,"238":0,"239":0,"240":0,"241":50,"242":1,"243":0,"244":1,"245":1,"246":1,"247":1,"248":0,"249":0,"250":50,"251":1,"252":0,"253":1,"254":1,"255":1,"256":1,"257":1,"258":0,"259":0,"260":50,"261":50,"262":49,"263":49,"264":0,"265":49},"f":{"0":34,"1":1,"2":1,"3":1,"4":0,"5":0,"6":2,"7":1,"8":1,"9":0,"10":1,"11":2,"12":2,"13":1,"14":1,"15":0,"16":1,"17":1,"18":1,"19":1,"20":0,"21":0,"22":1,"23":50,"24":19,"25":18,"26":4,"27":1,"28":1,"29":1,"30":1,"31":0,"32":2,"33":0,"34":1,"35":0,"36":0,"37":1,"38":1,"39":1,"40":2,"41":1,"42":1,"43":1,"44":0,"45":1,"46":1,"47":1,"48":1,"49":1,"50":1,"51":1,"52":1,"53":2,"54":1,"55":1,"56":1,"57":1,"58":1,"59":1,"60":1,"61":1,"62":1,"63":1,"64":1,"65":1,"66":1,"67":18,"68":0,"69":0,"70":1,"71":1,"72":49},"b":{"0":[1,4,1,1,1,1,0,2,0,1,3,0,1,1,1,1,1,1,1,1,2,1,1,1,1,1,1,1,1,1,0],"1":[1,0],"2":[1,0],"3":[0,0],"4":[1,2],"5":[1,0],"6":[1,1],"7":[1,0],"8":[0,1],"9":[1,0],"10":[0,1],"11":[0,0],"12":[18,0],"13":[1],"14":[0,1],"15":[1,0],"16":[1,0],"17":[2,16],"18":[0,1],"19":[0,1],"20":[1,0],"21":[0,49]},"meta":{"lastBranch":22,"lastFunction":73,"lastStatement":266,"seen":{"f:53:9:53:17":0,"b:55:8:55:Infinity:56:8:60:Infinity:61:8:65:Infinity:66:8:70:Infinity:71:8:75:Infinity:76:8:80:Infinity:81:8:85:Infinity:86:8:90:Infinity:91:8:95:Infinity:96:8:100:Infinity:101:8:108:Infinity:109:8:113:Infinity:114:8:118:Infinity:119:8:123:Infinity:124:8:128:Infinity:129:8:133:Infinity:134:8:138:Infinity:139:8:143:Infinity:144:8:148:Infinity:149:8:153:Infinity:154:8:158:Infinity:159:8:164:Infinity:165:8:169:Infinity:170:8:174:Infinity:175:8:179:Infinity:180:8:184:Infinity:185:8:189:Infinity:190:8:194:Infinity:195:8:202:Infinity:203:8:207:Infinity:208:8:208:Infinity":0,"s:54:4:209:Infinity":0,"s:55:24:55:Infinity":1,"s:57:25:57:Infinity":2,"s:58:12:58:Infinity":3,"s:59:12:59:Infinity":4,"s:62:25:62:Infinity":5,"f:62:43:62:48":1,"s:62:48:62:95":6,"b:62:77:62:94:62:94:62:95":1,"s:63:12:63:Infinity":7,"s:64:12:64:Infinity":8,"s:67:25:67:Infinity":9,"f:67:46:67:51":2,"s:67:51:67:69":10,"s:68:12:68:Infinity":11,"s:69:12:69:Infinity":12,"s:72:25:72:Infinity":13,"s:73:12:73:Infinity":14,"s:74:12:74:Infinity":15,"s:77:25:77:Infinity":16,"f:77:44:77:49":3,"s:77:49:77:96":17,"b:77:78:77:95:77:95:77:96":2,"s:78:12:78:Infinity":18,"s:79:12:79:Infinity":19,"s:82:25:82:Infinity":20,"f:82:47:82:52":4,"s:82:52:82:70":21,"s:83:12:83:Infinity":22,"s:84:12:84:Infinity":23,"s:87:25:87:Infinity":24,"s:88:12:88:Infinity":25,"s:89:12:89:Infinity":26,"s:92:25:92:Infinity":27,"f:92:43:92:48":5,"s:92:48:92:95":28,"b:92:77:92:94:92:94:92:95":3,"s:93:12:93:Infinity":29,"s:94:12:94:Infinity":30,"s:97:25:97:Infinity":31,"f:97:46:97:51":6,"s:97:51:97:69":32,"s:98:12:98:Infinity":33,"s:99:12:99:Infinity":34,"s:102:27:102:Infinity":35,"f:102:58:102:64":7,"s:102:64:102:91":36,"s:103:25:105:Infinity":37,"b:104:18:104:Infinity:105:18:105:Infinity":4,"f:104:43:104:49":8,"s:104:49:104:98":38,"b:104:79:104:96:104:96:104:98":5,"s:106:12:106:Infinity":39,"s:107:12:107:Infinity":40,"s:110:25:110:Infinity":41,"f:110:53:110:59":9,"s:110:59:110:78":42,"s:111:12:111:Infinity":43,"s:112:12:112:Infinity":44,"s:115:25:115:Infinity":45,"s:116:12:116:Infinity":46,"s:117:12:117:Infinity":47,"s:120:25:120:Infinity":48,"f:120:50:120:55":10,"s:120:55:120:73":49,"s:121:12:121:Infinity":50,"s:122:12:122:Infinity":51,"s:125:25:125:Infinity":52,"s:126:12:126:Infinity":53,"s:127:12:127:Infinity":54,"s:130:25:130:Infinity":55,"f:130:47:130:53":11,"s:130:53:130:102":56,"b:130:83:130:100:130:100:130:102":6,"s:131:12:131:Infinity":57,"s:132:12:132:Infinity":58,"s:135:25:135:Infinity":59,"f:135:50:135:56":12,"s:135:56:135:75":60,"s:136:12:136:Infinity":61,"s:137:12:137:Infinity":62,"s:140:25:140:Infinity":63,"s:141:12:141:Infinity":64,"s:142:12:142:Infinity":65,"s:145:25:145:Infinity":66,"f:145:51:145:57":13,"s:145:57:145:106":67,"b:145:87:145:104:145:104:145:106":7,"s:146:12:146:Infinity":68,"s:147:12:147:Infinity":69,"s:150:25:150:Infinity":70,"f:150:54:150:60":14,"s:150:60:150:79":71,"s:151:12:151:Infinity":72,"s:152:12:152:Infinity":73,"s:155:25:155:Infinity":74,"s:156:12:156:Infinity":75,"s:157:12:157:Infinity":76,"b:160:12:160:Infinity:undefined:undefined:undefined:undefined":8,"s:160:12:160:Infinity":77,"f:160:45:160:50":15,"s:160:50:160:80":78,"s:160:83:160:Infinity":79,"s:161:25:161:Infinity":80,"s:162:12:162:Infinity":81,"s:163:12:163:Infinity":82,"s:166:25:166:Infinity":83,"f:166:56:166:61":16,"s:166:61:166:83":84,"s:167:12:167:Infinity":85,"s:168:12:168:Infinity":86,"s:171:25:171:Infinity":87,"s:172:12:172:Infinity":88,"s:173:12:173:Infinity":89,"s:176:25:176:Infinity":90,"f:176:47:176:52":17,"s:176:52:176:99":91,"b:176:81:176:98:176:98:176:99":9,"s:177:12:177:Infinity":92,"s:178:12:178:Infinity":93,"s:181:25:181:Infinity":94,"f:181:50:181:55":18,"s:181:55:181:73":95,"s:182:12:182:Infinity":96,"s:183:12:183:Infinity":97,"s:186:25:186:Infinity":98,"s:187:12:187:Infinity":99,"s:188:12:188:Infinity":100,"s:191:25:191:Infinity":101,"f:191:54:191:59":19,"s:191:59:191:77":102,"s:192:12:192:Infinity":103,"s:193:12:193:Infinity":104,"s:196:27:196:Infinity":105,"f:196:55:196:61":20,"s:196:61:196:88":106,"s:197:25:199:Infinity":107,"b:198:18:198:Infinity:199:18:199:Infinity":10,"f:198:40:198:46":21,"s:198:46:198:95":108,"b:198:76:198:93:198:93:198:95":11,"s:200:12:200:Infinity":109,"s:201:12:201:Infinity":110,"s:204:25:204:Infinity":111,"f:204:50:204:56":22,"s:204:56:204:75":112,"s:205:12:205:Infinity":113,"s:206:12:206:Infinity":114,"s:208:17:208:Infinity":115,"s:259:6:259:Infinity":116,"f:261:16:261:28":23,"s:262:26:262:Infinity":117,"s:264:4:266:Infinity":118,"f:264:14:264:20":24,"s:265:8:265:Infinity":119,"s:268:4:276:Infinity":120,"f:268:14:268:20":25,"s:269:23:269:Infinity":121,"b:269:23:269:53:269:53:269:Infinity":12,"s:270:21:270:Infinity":122,"s:271:8:271:Infinity":123,"s:273:8:273:Infinity":124,"s:274:8:274:Infinity":125,"s:275:8:275:Infinity":126,"s:278:10:283:Infinity":127,"f:278:34:278:35":26,"s:279:14:279:Infinity":128,"s:280:31:280:Infinity":129,"s:281:8:281:Infinity":130,"s:282:8:282:Infinity":131,"s:285:10:287:Infinity":132,"f:285:37:285:38":27,"s:286:8:286:Infinity":133,"s:289:10:289:Infinity":134,"f:289:37:289:38":28,"s:289:53:289:94":135,"s:291:10:295:Infinity":136,"f:291:35:291:36":29,"s:292:33:292:Infinity":137,"s:293:8:293:Infinity":138,"s:294:8:294:Infinity":139,"s:297:10:297:Infinity":140,"f:297:38:297:39":30,"s:297:54:297:104":141,"s:298:10:298:Infinity":142,"f:298:38:298:39":31,"s:298:54:298:96":143,"s:300:10:304:Infinity":144,"f:300:33:300:34":32,"s:301:27:301:Infinity":145,"s:302:8:302:Infinity":146,"s:303:8:303:Infinity":147,"s:305:10:305:Infinity":148,"f:305:36:305:37":33,"s:305:50:305:98":149,"s:306:10:311:Infinity":150,"f:306:36:306:37":34,"b:306:75:306:85":13,"b:307:8:309:Infinity:undefined:undefined:undefined:undefined":14,"s:307:8:309:Infinity":151,"s:308:12:308:Infinity":152,"f:308:34:308:39":35,"s:308:39:308:55":153,"f:308:65:308:70":36,"s:308:70:308:89":154,"s:310:8:310:Infinity":155,"s:313:10:319:Infinity":156,"f:313:37:313:38":37,"s:315:31:315:Infinity":157,"f:315:53:315:58":38,"s:315:58:315:85":158,"s:316:8:316:Infinity":159,"f:316:31:316:36":39,"s:316:36:316:83":160,"s:318:8:318:Infinity":161,"s:321:10:323:Infinity":162,"f:321:44:321:45":40,"s:322:8:322:Infinity":163,"s:325:10:343:Infinity":164,"f:325:44:325:45":41,"s:326:23:326:Infinity":165,"f:326:42:326:47":42,"s:326:47:326:64":166,"s:327:14:332:Infinity":167,"b:327:39:327:59:327:59:327:63":15,"f:327:67:327:73":43,"s:327:73:332:10":168,"s:333:34:340:Infinity":169,"s:341:8:341:Infinity":170,"s:342:8:342:Infinity":171,"s:345:10:345:Infinity":172,"f:345:44:345:45":44,"s:345:60:345:109":173,"s:347:10:351:Infinity":174,"f:347:38:347:39":45,"s:348:32:348:Infinity":175,"s:349:8:349:Infinity":176,"s:350:8:350:Infinity":177,"s:353:10:353:Infinity":178,"f:353:41:353:42":46,"s:353:57:353:102":179,"s:355:10:359:Infinity":180,"f:355:38:355:39":47,"s:356:34:356:Infinity":181,"s:357:8:357:Infinity":182,"s:358:8:358:Infinity":183,"s:361:10:361:Infinity":184,"f:361:41:361:42":48,"s:361:61:361:116":185,"s:362:10:362:Infinity":186,"f:362:41:362:42":49,"s:362:57:362:103":187,"s:364:10:368:Infinity":188,"f:364:42:364:43":50,"s:365:37:365:Infinity":189,"s:366:8:366:Infinity":190,"s:367:8:367:Infinity":191,"s:370:10:370:Infinity":192,"f:370:45:370:46":51,"s:370:69:370:128":193,"s:371:10:371:Infinity":194,"f:371:45:371:46":52,"s:371:61:371:111":195,"s:372:10:372:Infinity":196,"f:372:39:372:40":53,"s:372:68:372:119":197,"s:374:10:377:Infinity":198,"f:374:44:374:62":54,"s:375:8:376:Infinity":199,"b:375:15:375:Infinity:376:15:376:Infinity":16,"f:375:38:375:44":55,"s:375:44:375:88":200,"s:379:10:379:Infinity":201,"f:379:44:379:45":56,"s:379:67:379:124":202,"s:380:10:380:Infinity":203,"f:380:47:380:48":57,"s:380:65:380:119":204,"s:381:10:381:Infinity":205,"f:381:43:381:44":58,"s:381:61:381:113":206,"f:381:90:381:95":59,"s:381:95:381:110":207,"s:383:10:387:Infinity":208,"f:383:43:383:44":60,"s:384:38:384:Infinity":209,"s:385:8:385:Infinity":210,"s:386:8:386:Infinity":211,"s:389:10:389:Infinity":212,"f:389:46:389:47":61,"s:389:73:389:136":213,"s:390:10:390:Infinity":214,"f:390:46:390:47":62,"s:390:62:390:114":215,"s:392:10:396:Infinity":216,"f:392:42:392:43":63,"s:393:41:393:Infinity":217,"s:394:8:394:Infinity":218,"s:395:8:395:Infinity":219,"s:397:10:397:Infinity":220,"f:397:45:397:46":64,"s:397:61:397:111":221,"s:399:10:401:Infinity":222,"f:399:39:399:40":65,"s:400:8:400:Infinity":223,"s:403:10:403:Infinity":224,"f:403:41:403:42":66,"s:403:57:403:103":225,"s:406:42:406:Infinity":226,"s:407:10:407:Infinity":227,"s:408:46:408:Infinity":228,"s:410:4:416:Infinity":229,"f:410:20:410:26":67,"b:411:8:415:Infinity:413:15:415:Infinity":17,"s:411:8:415:Infinity":230,"s:412:12:412:Infinity":231,"s:414:12:414:Infinity":232,"s:418:10:424:Infinity":233,"f:418:39:418:51":68,"s:419:8:423:Infinity":234,"s:420:12:420:Infinity":235,"s:422:12:422:Infinity":236,"s:426:10:432:Infinity":237,"f:426:40:426:52":69,"s:427:8:431:Infinity":238,"s:428:12:428:Infinity":239,"s:430:12:430:Infinity":240,"s:434:10:444:Infinity":241,"f:434:39:434:51":70,"b:435:8:435:Infinity:undefined:undefined:undefined:undefined":18,"s:435:8:435:Infinity":242,"s:435:30:435:Infinity":243,"s:436:8:443:Infinity":244,"s:437:18:437:Infinity":245,"s:438:12:438:Infinity":246,"s:439:12:439:Infinity":247,"s:441:12:441:Infinity":248,"s:442:12:442:Infinity":249,"s:446:10:458:Infinity":250,"f:446:44:446:56":71,"b:447:8:447:Infinity:undefined:undefined:undefined:undefined":19,"s:447:8:447:Infinity":251,"s:447:30:447:Infinity":252,"s:448:8:457:Infinity":253,"s:449:28:449:Infinity":254,"b:450:12:453:Infinity:undefined:undefined:undefined:undefined":20,"s:450:12:453:Infinity":255,"s:451:29:451:Infinity":256,"s:452:16:452:Infinity":257,"s:455:12:455:Infinity":258,"s:456:12:456:Infinity":259,"s:460:35:478:Infinity":260,"s:480:4:480:Infinity":261,"f:483:16:483:42":72,"s:484:10:484:Infinity":262,"b:485:4:485:Infinity:undefined:undefined:undefined:undefined":21,"s:485:4:485:Infinity":263,"s:485:14:485:Infinity":264,"s:486:4:486:Infinity":265}}}
,"/Users/wmeetsma/Documents/A10/Rubric Maker/src/utils/gradeCalc.ts": {"path":"/Users/wmeetsma/Documents/A10/Rubric Maker/src/utils/gradeCalc.ts","statementMap":{"0":{"start":{"line":12,"column":4},"end":{"line":12,"column":null}},"1":{"start":{"line":12,"column":44},"end":{"line":12,"column":null}},"2":{"start":{"line":13,"column":4},"end":{"line":13,"column":null}},"3":{"start":{"line":13,"column":24},"end":{"line":13,"column":null}},"4":{"start":{"line":15,"column":18},"end":{"line":15,"column":null}},"5":{"start":{"line":15,"column":45},"end":{"line":15,"column":67}},"6":{"start":{"line":16,"column":4},"end":{"line":16,"column":null}},"7":{"start":{"line":16,"column":16},"end":{"line":16,"column":null}},"8":{"start":{"line":19,"column":25},"end":{"line":30,"column":null}},"9":{"start":{"line":20,"column":8},"end":{"line":29,"column":null}},"10":{"start":{"line":21,"column":12},"end":{"line":23,"column":null}},"11":{"start":{"line":22,"column":16},"end":{"line":22,"column":null}},"12":{"start":{"line":25,"column":12},"end":{"line":27,"column":null}},"13":{"start":{"line":26,"column":16},"end":{"line":26,"column":null}},"14":{"start":{"line":28,"column":12},"end":{"line":28,"column":null}},"15":{"start":{"line":33,"column":24},"end":{"line":33,"column":null}},"16":{"start":{"line":35,"column":27},"end":{"line":35,"column":null}},"17":{"start":{"line":35,"column":54},"end":{"line":35,"column":75}},"18":{"start":{"line":39,"column":4},"end":{"line":41,"column":null}},"19":{"start":{"line":40,"column":8},"end":{"line":40,"column":null}},"20":{"start":{"line":42,"column":4},"end":{"line":42,"column":null}},"21":{"start":{"line":47,"column":16},"end":{"line":47,"column":null}},"22":{"start":{"line":48,"column":4},"end":{"line":52,"column":null}},"23":{"start":{"line":49,"column":26},"end":{"line":49,"column":null}},"24":{"start":{"line":49,"column":45},"end":{"line":49,"column":71}},"25":{"start":{"line":50,"column":8},"end":{"line":50,"column":null}},"26":{"start":{"line":50,"column":24},"end":{"line":50,"column":null}},"27":{"start":{"line":51,"column":8},"end":{"line":51,"column":null}},"28":{"start":{"line":53,"column":4},"end":{"line":53,"column":null}},"29":{"start":{"line":58,"column":4},"end":{"line":61,"column":null}},"30":{"start":{"line":59,"column":20},"end":{"line":59,"column":null}},"31":{"start":{"line":59,"column":50},"end":{"line":59,"column":61}},"32":{"start":{"line":60,"column":8},"end":{"line":60,"column":null}},"33":{"start":{"line":66,"column":24},"end":{"line":66,"column":null}},"34":{"start":{"line":66,"column":50},"end":{"line":66,"column":64}},"35":{"start":{"line":67,"column":4},"end":{"line":67,"column":null}},"36":{"start":{"line":67,"column":27},"end":{"line":67,"column":null}},"37":{"start":{"line":69,"column":22},"end":{"line":69,"column":null}},"38":{"start":{"line":70,"column":4},"end":{"line":77,"column":null}},"39":{"start":{"line":71,"column":22},"end":{"line":71,"column":null}},"40":{"start":{"line":71,"column":40},"end":{"line":71,"column":70}},"41":{"start":{"line":72,"column":26},"end":{"line":72,"column":null}},"42":{"start":{"line":72,"column":64},"end":{"line":72,"column":75}},"43":{"start":{"line":73,"column":8},"end":{"line":73,"column":null}},"44":{"start":{"line":73,"column":29},"end":{"line":73,"column":null}},"45":{"start":{"line":75,"column":20},"end":{"line":75,"column":null}},"46":{"start":{"line":76,"column":8},"end":{"line":76,"column":null}},"47":{"start":{"line":78,"column":4},"end":{"line":78,"column":null}},"48":{"start":{"line":83,"column":16},"end":{"line":83,"column":null}},"49":{"start":{"line":84,"column":4},"end":{"line":84,"column":null}},"50":{"start":{"line":84,"column":19},"end":{"line":84,"column":null}},"51":{"start":{"line":85,"column":4},"end":{"line":85,"column":null}},"52":{"start":{"line":91,"column":4},"end":{"line":91,"column":null}},"53":{"start":{"line":91,"column":19},"end":{"line":91,"column":null}},"54":{"start":{"line":92,"column":4},"end":{"line":101,"column":null}},"55":{"start":{"line":94,"column":12},"end":{"line":94,"column":null}},"56":{"start":{"line":96,"column":12},"end":{"line":96,"column":null}},"57":{"start":{"line":98,"column":12},"end":{"line":98,"column":null}},"58":{"start":{"line":100,"column":12},"end":{"line":100,"column":null}},"59":{"start":{"line":107,"column":19},"end":{"line":107,"column":null}},"60":{"start":{"line":107,"column":52},"end":{"line":107,"column":65}},"61":{"start":{"line":108,"column":4},"end":{"line":110,"column":null}},"62":{"start":{"line":109,"column":8},"end":{"line":109,"column":null}},"63":{"start":{"line":109,"column":64},"end":{"line":109,"column":null}},"64":{"start":{"line":111,"column":4},"end":{"line":111,"column":null}},"65":{"start":{"line":115,"column":19},"end":{"line":115,"column":null}},"66":{"start":{"line":115,"column":52},"end":{"line":115,"column":65}},"67":{"start":{"line":116,"column":4},"end":{"line":118,"column":null}},"68":{"start":{"line":117,"column":8},"end":{"line":117,"column":null}},"69":{"start":{"line":117,"column":64},"end":{"line":117,"column":null}},"70":{"start":{"line":119,"column":4},"end":{"line":119,"column":null}},"71":{"start":{"line":142,"column":16},"end":{"line":142,"column":null}},"72":{"start":{"line":143,"column":26},"end":{"line":143,"column":null}},"73":{"start":{"line":147,"column":8},"end":{"line":149,"column":null}},"74":{"start":{"line":152,"column":8},"end":{"line":154,"column":null}},"75":{"start":{"line":156,"column":21},"end":{"line":156,"column":null}},"76":{"start":{"line":157,"column":24},"end":{"line":159,"column":null}},"77":{"start":{"line":158,"column":13},"end":{"line":158,"column":null}},"78":{"start":{"line":161,"column":4},"end":{"line":171,"column":null}},"79":{"start":{"line":185,"column":4},"end":{"line":187,"column":null}},"80":{"start":{"line":186,"column":8},"end":{"line":186,"column":null}},"81":{"start":{"line":188,"column":19},"end":{"line":188,"column":null}},"82":{"start":{"line":188,"column":38},"end":{"line":188,"column":58}},"83":{"start":{"line":188,"column":75},"end":{"line":188,"column":80}},"84":{"start":{"line":189,"column":20},"end":{"line":189,"column":null}},"85":{"start":{"line":189,"column":44},"end":{"line":189,"column":51}},"86":{"start":{"line":190,"column":16},"end":{"line":190,"column":null}},"87":{"start":{"line":191,"column":19},"end":{"line":193,"column":null}},"88":{"start":{"line":195,"column":25},"end":{"line":199,"column":null}},"89":{"start":{"line":195,"column":48},"end":{"line":199,"column":6}},"90":{"start":{"line":198,"column":37},"end":{"line":198,"column":99}},"91":{"start":{"line":201,"column":4},"end":{"line":201,"column":null}}},"fnMap":{"0":{"name":"calcEntryPoints","decl":{"start":{"line":11,"column":16},"end":{"line":11,"column":32}},"loc":{"start":{"line":11,"column":87},"end":{"line":43,"column":null}},"line":11},"1":{"name":"(anonymous_1)","decl":{"start":{"line":15,"column":40},"end":{"line":15,"column":45}},"loc":{"start":{"line":15,"column":45},"end":{"line":15,"column":67}},"line":15},"2":{"name":"(anonymous_2)","decl":{"start":{"line":19,"column":49},"end":{"line":19,"column":50}},"loc":{"start":{"line":19,"column":63},"end":{"line":30,"column":7}},"line":19},"3":{"name":"(anonymous_3)","decl":{"start":{"line":20,"column":41},"end":{"line":20,"column":42}},"loc":{"start":{"line":20,"column":57},"end":{"line":29,"column":11}},"line":20},"4":{"name":"(anonymous_4)","decl":{"start":{"line":35,"column":49},"end":{"line":35,"column":54}},"loc":{"start":{"line":35,"column":54},"end":{"line":35,"column":75}},"line":35},"5":{"name":"calcRawScore","decl":{"start":{"line":46,"column":16},"end":{"line":46,"column":29}},"loc":{"start":{"line":46,"column":89},"end":{"line":54,"column":null}},"line":46},"6":{"name":"(anonymous_6)","decl":{"start":{"line":49,"column":40},"end":{"line":49,"column":45}},"loc":{"start":{"line":49,"column":45},"end":{"line":49,"column":71}},"line":49},"7":{"name":"calcMaxRawScore","decl":{"start":{"line":57,"column":16},"end":{"line":57,"column":32}},"loc":{"start":{"line":57,"column":69},"end":{"line":62,"column":null}},"line":57},"8":{"name":"(anonymous_8)","decl":{"start":{"line":58,"column":27},"end":{"line":58,"column":28}},"loc":{"start":{"line":58,"column":39},"end":{"line":61,"column":7}},"line":58},"9":{"name":"(anonymous_9)","decl":{"start":{"line":59,"column":45},"end":{"line":59,"column":50}},"loc":{"start":{"line":59,"column":50},"end":{"line":59,"column":61}},"line":59},"10":{"name":"calcWeightedScore","decl":{"start":{"line":65,"column":16},"end":{"line":65,"column":34}},"loc":{"start":{"line":65,"column":94},"end":{"line":79,"column":null}},"line":65},"11":{"name":"(anonymous_11)","decl":{"start":{"line":66,"column":40},"end":{"line":66,"column":41}},"loc":{"start":{"line":66,"column":50},"end":{"line":66,"column":64}},"line":66},"12":{"name":"(anonymous_12)","decl":{"start":{"line":71,"column":35},"end":{"line":71,"column":40}},"loc":{"start":{"line":71,"column":40},"end":{"line":71,"column":70}},"line":71},"13":{"name":"(anonymous_13)","decl":{"start":{"line":72,"column":59},"end":{"line":72,"column":64}},"loc":{"start":{"line":72,"column":64},"end":{"line":72,"column":75}},"line":72},"14":{"name":"calcPercentage","decl":{"start":{"line":82,"column":16},"end":{"line":82,"column":31}},"loc":{"start":{"line":82,"column":91},"end":{"line":86,"column":null}},"line":82},"15":{"name":"applyModifier","decl":{"start":{"line":90,"column":16},"end":{"line":90,"column":30}},"loc":{"start":{"line":90,"column":74},"end":{"line":102,"column":null}},"line":90},"16":{"name":"calcLetterGrade","decl":{"start":{"line":106,"column":16},"end":{"line":106,"column":32}},"loc":{"start":{"line":106,"column":79},"end":{"line":112,"column":null}},"line":106},"17":{"name":"(anonymous_17)","decl":{"start":{"line":107,"column":42},"end":{"line":107,"column":43}},"loc":{"start":{"line":107,"column":52},"end":{"line":107,"column":65}},"line":107},"18":{"name":"calcGradeColor","decl":{"start":{"line":114,"column":16},"end":{"line":114,"column":31}},"loc":{"start":{"line":114,"column":78},"end":{"line":120,"column":null}},"line":114},"19":{"name":"(anonymous_19)","decl":{"start":{"line":115,"column":42},"end":{"line":115,"column":43}},"loc":{"start":{"line":115,"column":52},"end":{"line":115,"column":65}},"line":115},"20":{"name":"calcGradeSummary","decl":{"start":{"line":136,"column":16},"end":{"line":136,"column":null}},"loc":{"start":{"line":141,"column":16},"end":{"line":172,"column":null}},"line":141},"21":{"name":"(anonymous_21)","decl":{"start":{"line":158,"column":8},"end":{"line":158,"column":13}},"loc":{"start":{"line":158,"column":13},"end":{"line":158,"column":null}},"line":158},"22":{"name":"calcClassStats","decl":{"start":{"line":184,"column":16},"end":{"line":184,"column":31}},"loc":{"start":{"line":184,"column":89},"end":{"line":202,"column":null}},"line":184},"23":{"name":"(anonymous_23)","decl":{"start":{"line":188,"column":33},"end":{"line":188,"column":38}},"loc":{"start":{"line":188,"column":38},"end":{"line":188,"column":58}},"line":188},"24":{"name":"(anonymous_24)","decl":{"start":{"line":188,"column":65},"end":{"line":188,"column":66}},"loc":{"start":{"line":188,"column":75},"end":{"line":188,"column":80}},"line":188},"25":{"name":"(anonymous_25)","decl":{"start":{"line":189,"column":34},"end":{"line":189,"column":35}},"loc":{"start":{"line":189,"column":44},"end":{"line":189,"column":51}},"line":189},"26":{"name":"(anonymous_26)","decl":{"start":{"line":195,"column":42},"end":{"line":195,"column":48}},"loc":{"start":{"line":195,"column":48},"end":{"line":199,"column":6}},"line":195},"27":{"name":"(anonymous_27)","decl":{"start":{"line":198,"column":32},"end":{"line":198,"column":37}},"loc":{"start":{"line":198,"column":37},"end":{"line":198,"column":99}},"line":198}},"branchMap":{"0":{"loc":{"start":{"line":12,"column":4},"end":{"line":12,"column":null}},"type":"if","locations":[{"start":{"line":12,"column":4},"end":{"line":12,"column":null}},{"start":{},"end":{}}],"line":12},"1":{"loc":{"start":{"line":13,"column":4},"end":{"line":13,"column":null}},"type":"if","locations":[{"start":{"line":13,"column":4},"end":{"line":13,"column":null}},{"start":{},"end":{}}],"line":13},"2":{"loc":{"start":{"line":16,"column":4},"end":{"line":16,"column":null}},"type":"if","locations":[{"start":{"line":16,"column":4},"end":{"line":16,"column":null}},{"start":{},"end":{}}],"line":16},"3":{"loc":{"start":{"line":21,"column":12},"end":{"line":23,"column":null}},"type":"if","locations":[{"start":{"line":21,"column":12},"end":{"line":23,"column":null}},{"start":{},"end":{}}],"line":21},"4":{"loc":{"start":{"line":21,"column":16},"end":{"line":21,"column":81}},"type":"binary-expr","locations":[{"start":{"line":21,"column":16},"end":{"line":21,"column":39}},{"start":{"line":21,"column":39},"end":{"line":21,"column":81}}],"line":21},"5":{"loc":{"start":{"line":25,"column":12},"end":{"line":27,"column":null}},"type":"if","locations":[{"start":{"line":25,"column":12},"end":{"line":27,"column":null}},{"start":{},"end":{}}],"line":25},"6":{"loc":{"start":{"line":26,"column":33},"end":{"line":26,"column":null}},"type":"binary-expr","locations":[{"start":{"line":26,"column":33},"end":{"line":26,"column":49}},{"start":{"line":26,"column":49},"end":{"line":26,"column":62}},{"start":{"line":26,"column":62},"end":{"line":26,"column":null}}],"line":26},"7":{"loc":{"start":{"line":33,"column":24},"end":{"line":33,"column":null}},"type":"binary-expr","locations":[{"start":{"line":33,"column":24},"end":{"line":33,"column":48}},{"start":{"line":33,"column":48},"end":{"line":33,"column":null}}],"line":33},"8":{"loc":{"start":{"line":39,"column":4},"end":{"line":41,"column":null}},"type":"if","locations":[{"start":{"line":39,"column":4},"end":{"line":41,"column":null}},{"start":{},"end":{}}],"line":39},"9":{"loc":{"start":{"line":50,"column":8},"end":{"line":50,"column":null}},"type":"if","locations":[{"start":{"line":50,"column":8},"end":{"line":50,"column":null}},{"start":{},"end":{}}],"line":50},"10":{"loc":{"start":{"line":67,"column":4},"end":{"line":67,"column":null}},"type":"if","locations":[{"start":{"line":67,"column":4},"end":{"line":67,"column":null}},{"start":{},"end":{}}],"line":67},"11":{"loc":{"start":{"line":73,"column":8},"end":{"line":73,"column":null}},"type":"if","locations":[{"start":{"line":73,"column":8},"end":{"line":73,"column":null}},{"start":{},"end":{}}],"line":73},"12":{"loc":{"start":{"line":75,"column":20},"end":{"line":75,"column":null}},"type":"cond-expr","locations":[{"start":{"line":75,"column":28},"end":{"line":75,"column":64}},{"start":{"line":75,"column":64},"end":{"line":75,"column":null}}],"line":75},"13":{"loc":{"start":{"line":84,"column":4},"end":{"line":84,"column":null}},"type":"if","locations":[{"start":{"line":84,"column":4},"end":{"line":84,"column":null}},{"start":{},"end":{}}],"line":84},"14":{"loc":{"start":{"line":91,"column":4},"end":{"line":91,"column":null}},"type":"if","locations":[{"start":{"line":91,"column":4},"end":{"line":91,"column":null}},{"start":{},"end":{}}],"line":91},"15":{"loc":{"start":{"line":92,"column":4},"end":{"line":101,"column":null}},"type":"switch","locations":[{"start":{"line":93,"column":8},"end":{"line":94,"column":null}},{"start":{"line":95,"column":8},"end":{"line":96,"column":null}},{"start":{"line":97,"column":8},"end":{"line":98,"column":null}},{"start":{"line":99,"column":8},"end":{"line":100,"column":null}}],"line":92},"16":{"loc":{"start":{"line":109,"column":8},"end":{"line":109,"column":null}},"type":"if","locations":[{"start":{"line":109,"column":8},"end":{"line":109,"column":null}},{"start":{},"end":{}}],"line":109},"17":{"loc":{"start":{"line":109,"column":12},"end":{"line":109,"column":64}},"type":"binary-expr","locations":[{"start":{"line":109,"column":12},"end":{"line":109,"column":39}},{"start":{"line":109,"column":39},"end":{"line":109,"column":64}}],"line":109},"18":{"loc":{"start":{"line":117,"column":8},"end":{"line":117,"column":null}},"type":"if","locations":[{"start":{"line":117,"column":8},"end":{"line":117,"column":null}},{"start":{},"end":{}}],"line":117},"19":{"loc":{"start":{"line":117,"column":12},"end":{"line":117,"column":64}},"type":"binary-expr","locations":[{"start":{"line":117,"column":12},"end":{"line":117,"column":39}},{"start":{"line":117,"column":39},"end":{"line":117,"column":64}}],"line":117},"20":{"loc":{"start":{"line":147,"column":8},"end":{"line":149,"column":null}},"type":"cond-expr","locations":[{"start":{"line":148,"column":14},"end":{"line":148,"column":null}},{"start":{"line":149,"column":14},"end":{"line":149,"column":null}}],"line":147},"21":{"loc":{"start":{"line":147,"column":8},"end":{"line":147,"column":null}},"type":"binary-expr","locations":[{"start":{"line":147,"column":8},"end":{"line":147,"column":50}},{"start":{"line":147,"column":50},"end":{"line":147,"column":null}}],"line":147},"22":{"loc":{"start":{"line":152,"column":8},"end":{"line":154,"column":null}},"type":"cond-expr","locations":[{"start":{"line":153,"column":14},"end":{"line":153,"column":null}},{"start":{"line":154,"column":14},"end":{"line":154,"column":null}}],"line":152},"23":{"loc":{"start":{"line":153,"column":14},"end":{"line":153,"column":null}},"type":"cond-expr","locations":[{"start":{"line":153,"column":35},"end":{"line":153,"column":64}},{"start":{"line":153,"column":64},"end":{"line":153,"column":null}}],"line":153},"24":{"loc":{"start":{"line":158,"column":13},"end":{"line":158,"column":null}},"type":"binary-expr","locations":[{"start":{"line":158,"column":13},"end":{"line":158,"column":35}},{"start":{"line":158,"column":35},"end":{"line":158,"column":null}}],"line":158},"25":{"loc":{"start":{"line":185,"column":4},"end":{"line":187,"column":null}},"type":"if","locations":[{"start":{"line":185,"column":4},"end":{"line":187,"column":null}},{"start":{},"end":{}}],"line":185},"26":{"loc":{"start":{"line":191,"column":19},"end":{"line":193,"column":null}},"type":"cond-expr","locations":[{"start":{"line":191,"column":41},"end":{"line":192,"column":null}},{"start":{"line":193,"column":10},"end":{"line":193,"column":null}}],"line":191},"27":{"loc":{"start":{"line":198,"column":37},"end":{"line":198,"column":99}},"type":"binary-expr","locations":[{"start":{"line":198,"column":37},"end":{"line":198,"column":70}},{"start":{"line":198,"column":70},"end":{"line":198,"column":99}}],"line":198}},"s":{"0":25,"1":1,"2":24,"3":1,"4":23,"5":31,"6":23,"7":0,"8":23,"9":46,"10":22,"11":0,"12":22,"13":3,"14":19,"15":23,"16":25,"17":35,"18":25,"19":11,"20":12,"21":6,"22":6,"23":12,"24":18,"25":12,"26":0,"27":12,"28":6,"29":7,"30":13,"31":25,"32":13,"33":4,"34":8,"35":4,"36":1,"37":3,"38":3,"39":6,"40":9,"41":6,"42":12,"43":6,"44":0,"45":6,"46":6,"47":3,"48":3,"49":3,"50":1,"51":2,"52":10,"53":3,"54":7,"55":5,"56":1,"57":1,"58":0,"59":7,"60":8,"61":7,"62":12,"63":6,"64":1,"65":7,"66":8,"67":7,"68":12,"69":6,"70":1,"71":3,"72":3,"73":3,"74":3,"75":3,"76":3,"77":6,"78":3,"79":2,"80":1,"81":1,"82":4,"83":6,"84":1,"85":4,"86":1,"87":1,"88":2,"89":2,"90":8,"91":2},"f":{"0":25,"1":31,"2":46,"3":22,"4":35,"5":6,"6":18,"7":7,"8":13,"9":25,"10":4,"11":8,"12":9,"13":12,"14":3,"15":10,"16":7,"17":8,"18":7,"19":8,"20":3,"21":6,"22":2,"23":4,"24":6,"25":4,"26":2,"27":8},"b":{"0":[1,24],"1":[1,23],"2":[0,23],"3":[0,22],"4":[22,0],"5":[3,19],"6":[3,3,0],"7":[23,1],"8":[11,14],"9":[0,12],"10":[1,3],"11":[0,6],"12":[6,0],"13":[1,2],"14":[3,7],"15":[7,1,1,0],"16":[6,6],"17":[12,6],"18":[6,6],"19":[12,9],"20":[1,2],"21":[3,1],"22":[1,2],"23":[1,0],"24":[6,0],"25":[1,1],"26":[1,0],"27":[8,7]},"meta":{"lastBranch":28,"lastFunction":28,"lastStatement":92,"seen":{"f:11:16:11:32":0,"b:12:4:12:Infinity:undefined:undefined:undefined:undefined":0,"s:12:4:12:Infinity":0,"s:12:44:12:Infinity":1,"b:13:4:13:Infinity:undefined:undefined:undefined:undefined":1,"s:13:4:13:Infinity":2,"s:13:24:13:Infinity":3,"s:15:18:15:Infinity":4,"f:15:40:15:45":1,"s:15:45:15:67":5,"b:16:4:16:Infinity:undefined:undefined:undefined:undefined":2,"s:16:4:16:Infinity":6,"s:16:16:16:Infinity":7,"s:19:25:30:Infinity":8,"f:19:49:19:50":2,"s:20:8:29:Infinity":9,"f:20:41:20:42":3,"b:21:12:23:Infinity:undefined:undefined:undefined:undefined":3,"s:21:12:23:Infinity":10,"b:21:16:21:39:21:39:21:81":4,"s:22:16:22:Infinity":11,"b:25:12:27:Infinity:undefined:undefined:undefined:undefined":5,"s:25:12:27:Infinity":12,"s:26:16:26:Infinity":13,"b:26:33:26:49:26:49:26:62:26:62:26:Infinity":6,"s:28:12:28:Infinity":14,"s:33:24:33:Infinity":15,"b:33:24:33:48:33:48:33:Infinity":7,"s:35:27:35:Infinity":16,"f:35:49:35:54":4,"s:35:54:35:75":17,"b:39:4:41:Infinity:undefined:undefined:undefined:undefined":8,"s:39:4:41:Infinity":18,"s:40:8:40:Infinity":19,"s:42:4:42:Infinity":20,"f:46:16:46:29":5,"s:47:16:47:Infinity":21,"s:48:4:52:Infinity":22,"s:49:26:49:Infinity":23,"f:49:40:49:45":6,"s:49:45:49:71":24,"b:50:8:50:Infinity:undefined:undefined:undefined:undefined":9,"s:50:8:50:Infinity":25,"s:50:24:50:Infinity":26,"s:51:8:51:Infinity":27,"s:53:4:53:Infinity":28,"f:57:16:57:32":7,"s:58:4:61:Infinity":29,"f:58:27:58:28":8,"s:59:20:59:Infinity":30,"f:59:45:59:50":9,"s:59:50:59:61":31,"s:60:8:60:Infinity":32,"f:65:16:65:34":10,"s:66:24:66:Infinity":33,"f:66:40:66:41":11,"s:66:50:66:64":34,"b:67:4:67:Infinity:undefined:undefined:undefined:undefined":10,"s:67:4:67:Infinity":35,"s:67:27:67:Infinity":36,"s:69:22:69:Infinity":37,"s:70:4:77:Infinity":38,"s:71:22:71:Infinity":39,"f:71:35:71:40":12,"s:71:40:71:70":40,"s:72:26:72:Infinity":41,"f:72:59:72:64":13,"s:72:64:72:75":42,"b:73:8:73:Infinity:undefined:undefined:undefined:undefined":11,"s:73:8:73:Infinity":43,"s:73:29:73:Infinity":44,"s:75:20:75:Infinity":45,"b:75:28:75:64:75:64:75:Infinity":12,"s:76:8:76:Infinity":46,"s:78:4:78:Infinity":47,"f:82:16:82:31":14,"s:83:16:83:Infinity":48,"b:84:4:84:Infinity:undefined:undefined:undefined:undefined":13,"s:84:4:84:Infinity":49,"s:84:19:84:Infinity":50,"s:85:4:85:Infinity":51,"f:90:16:90:30":15,"b:91:4:91:Infinity:undefined:undefined:undefined:undefined":14,"s:91:4:91:Infinity":52,"s:91:19:91:Infinity":53,"b:93:8:94:Infinity:95:8:96:Infinity:97:8:98:Infinity:99:8:100:Infinity":15,"s:92:4:101:Infinity":54,"s:94:12:94:Infinity":55,"s:96:12:96:Infinity":56,"s:98:12:98:Infinity":57,"s:100:12:100:Infinity":58,"f:106:16:106:32":16,"s:107:19:107:Infinity":59,"f:107:42:107:43":17,"s:107:52:107:65":60,"s:108:4:110:Infinity":61,"b:109:8:109:Infinity:undefined:undefined:undefined:undefined":16,"s:109:8:109:Infinity":62,"b:109:12:109:39:109:39:109:64":17,"s:109:64:109:Infinity":63,"s:111:4:111:Infinity":64,"f:114:16:114:31":18,"s:115:19:115:Infinity":65,"f:115:42:115:43":19,"s:115:52:115:65":66,"s:116:4:118:Infinity":67,"b:117:8:117:Infinity:undefined:undefined:undefined:undefined":18,"s:117:8:117:Infinity":68,"b:117:12:117:39:117:39:117:64":19,"s:117:64:117:Infinity":69,"s:119:4:119:Infinity":70,"f:136:16:136:Infinity":20,"s:142:16:142:Infinity":71,"s:143:26:143:Infinity":72,"s:147:8:149:Infinity":73,"b:148:14:148:Infinity:149:14:149:Infinity":20,"b:147:8:147:50:147:50:147:Infinity":21,"s:152:8:154:Infinity":74,"b:153:14:153:Infinity:154:14:154:Infinity":22,"b:153:35:153:64:153:64:153:Infinity":23,"s:156:21:156:Infinity":75,"s:157:24:159:Infinity":76,"f:158:8:158:13":21,"s:158:13:158:Infinity":77,"b:158:13:158:35:158:35:158:Infinity":24,"s:161:4:171:Infinity":78,"f:184:16:184:31":22,"b:185:4:187:Infinity:undefined:undefined:undefined:undefined":25,"s:185:4:187:Infinity":79,"s:186:8:186:Infinity":80,"s:188:19:188:Infinity":81,"f:188:33:188:38":23,"s:188:38:188:58":82,"f:188:65:188:66":24,"s:188:75:188:80":83,"s:189:20:189:Infinity":84,"f:189:34:189:35":25,"s:189:44:189:51":85,"s:190:16:190:Infinity":86,"s:191:19:193:Infinity":87,"b:191:41:192:Infinity:193:10:193:Infinity":26,"s:195:25:199:Infinity":88,"f:195:42:195:48":26,"s:195:48:199:6":89,"f:198:32:198:37":27,"s:198:37:198:99":90,"b:198:37:198:70:198:70:198:99":27,"s:201:4:201:Infinity":91}}}
,"/Users/wmeetsma/Documents/A10/Rubric Maker/src/utils/learningGoalsAggregator.ts": {"path":"/Users/wmeetsma/Documents/A10/Rubric Maker/src/utils/learningGoalsAggregator.ts","statementMap":{"0":{"start":{"line":31,"column":20},"end":{"line":31,"column":null}},"1":{"start":{"line":33,"column":31},"end":{"line":33,"column":null}},"2":{"start":{"line":33,"column":59},"end":{"line":33,"column":100}},"3":{"start":{"line":36,"column":4},"end":{"line":36,"column":null}},"4":{"start":{"line":36,"column":38},"end":{"line":36,"column":103}},"5":{"start":{"line":38,"column":4},"end":{"line":174,"column":null}},"6":{"start":{"line":39,"column":23},"end":{"line":39,"column":null}},"7":{"start":{"line":39,"column":41},"end":{"line":39,"column":69}},"8":{"start":{"line":40,"column":8},"end":{"line":40,"column":null}},"9":{"start":{"line":40,"column":21},"end":{"line":40,"column":null}},"10":{"start":{"line":43,"column":40},"end":{"line":43,"column":null}},"11":{"start":{"line":44,"column":37},"end":{"line":44,"column":null}},"12":{"start":{"line":45,"column":29},"end":{"line":45,"column":null}},"13":{"start":{"line":48,"column":8},"end":{"line":134,"column":null}},"14":{"start":{"line":49,"column":30},"end":{"line":49,"column":null}},"15":{"start":{"line":49,"column":56},"end":{"line":49,"column":82}},"16":{"start":{"line":50,"column":12},"end":{"line":50,"column":null}},"17":{"start":{"line":50,"column":28},"end":{"line":50,"column":null}},"18":{"start":{"line":53,"column":36},"end":{"line":53,"column":null}},"19":{"start":{"line":56,"column":12},"end":{"line":56,"column":null}},"20":{"start":{"line":56,"column":42},"end":{"line":56,"column":null}},"21":{"start":{"line":57,"column":12},"end":{"line":59,"column":null}},"22":{"start":{"line":58,"column":16},"end":{"line":58,"column":null}},"23":{"start":{"line":58,"column":57},"end":{"line":58,"column":91}},"24":{"start":{"line":62,"column":34},"end":{"line":62,"column":null}},"25":{"start":{"line":63,"column":31},"end":{"line":63,"column":null}},"26":{"start":{"line":65,"column":34},"end":{"line":65,"column":null}},"27":{"start":{"line":65,"column":61},"end":{"line":65,"column":83}},"28":{"start":{"line":67,"column":12},"end":{"line":133,"column":null}},"29":{"start":{"line":69,"column":16},"end":{"line":69,"column":null}},"30":{"start":{"line":70,"column":16},"end":{"line":70,"column":null}},"31":{"start":{"line":70,"column":69},"end":{"line":70,"column":80}},"32":{"start":{"line":73,"column":16},"end":{"line":77,"column":null}},"33":{"start":{"line":74,"column":20},"end":{"line":74,"column":null}},"34":{"start":{"line":75,"column":20},"end":{"line":75,"column":null}},"35":{"start":{"line":76,
[...]
:null}},{"start":{},"end":{}}],"line":63},"4":{"loc":{"start":{"line":66,"column":4},"end":{"line":66,"column":null}},"type":"if","locations":[{"start":{"line":66,"column":4},"end":{"line":66,"column":null}},{"start":{},"end":{}}],"line":66},"5":{"loc":{"start":{"line":94,"column":12},"end":{"line":94,"column":null}},"type":"if","locations":[{"start":{"line":94,"column":12},"end":{"line":94,"column":null}},{"start":{},"end":{}}],"line":94},"6":{"loc":{"start":{"line":96,"column":12},"end":{"line":96,"column":null}},"type":"if","locations":[{"start":{"line":96,"column":12},"end":{"line":96,"column":null}},{"start":{},"end":{}}],"line":96},"7":{"loc":{"start":{"line":104,"column":12},"end":{"line":104,"column":null}},"type":"if","locations":[{"start":{"line":104,"column":12},"end":{"line":104,"column":null}},{"start":{},"end":{}}],"line":104},"8":{"loc":{"start":{"line":108,"column":4},"end":{"line":110,"column":null}},"type":"if","locations":[{"start":{"line":108,"column":4},"end":{"line":110,"column":null}},{"start":{},"end":{}}],"line":108},"9":{"loc":{"start":{"line":128,"column":8},"end":{"line":131,"column":null}},"type":"if","locations":[{"start":{"line":128,"column":8},"end":{"line":131,"column":null}},{"start":{},"end":{}}],"line":128},"10":{"loc":{"start":{"line":128,"column":12},"end":{"line":128,"column":44}},"type":"binary-expr","locations":[{"start":{"line":128,"column":12},"end":{"line":128,"column":23}},{"start":{"line":128,"column":23},"end":{"line":128,"column":44}}],"line":128},"11":{"loc":{"start":{"line":134,"column":4},"end":{"line":137,"column":null}},"type":"if","locations":[{"start":{"line":134,"column":4},"end":{"line":137,"column":null}},{"start":{},"end":{}}],"line":134},"12":{"loc":{"start":{"line":151,"column":8},"end":{"line":157,"column":null}},"type":"if","locations":[{"start":{"line":151,"column":8},"end":{"line":157,"column":null}},{"start":{"line":154,"column":8},"end":{"line":157,"column":null}}],"line":151},"13":{"loc":{"start":{"line":152,"column":12},"end":{"line":152,"column":null}},"type":"if","locations":[{"start":{"line":152,"column":12},"end":{"line":152,"column":null}},{"start":{},"end":{}}],"line":152},"14":{"loc":{"start":{"line":154,"column":8},"end":{"line":157,"column":null}},"type":"if","locations":[{"start":{"line":154,"column":8},"end":{"line":157,"column":null}},{"start":{},"end":{}}],"line":154},"15":{"loc":{"start":{"line":159,"column":4},"end":{"line":159,"column":null}},"type":"if","locations":[{"start":{"line":159,"column":4},"end":{"line":159,"column":null}},{"start":{},"end":{}}],"line":159},"16":{"loc":{"start":{"line":174,"column":4},"end":{"line":176,"column":null}},"type":"if","locations":[{"start":{"line":174,"column":4},"end":{"line":176,"column":null}},{"start":{},"end":{}}],"line":174},"17":{"loc":{"start":{"line":174,"column":8},"end":{"line":174,"column":59}},"type":"binary-expr","locations":[{"start":{"line":174,"column":8},"end":{"line":174,"column":36}},{"start":{"line":174,"column":36},"end":{"line":174,"column":59}}],"line":174},"18":{"loc":{"start":{"line":180,"column":28},"end":{"line":183,"column":null}},"type":"cond-expr","locations":[{"start":{"line":182,"column":10},"end":{"line":182,"column":null}},{"start":{"line":183,"column":10},"end":{"line":183,"column":null}}],"line":180},"19":{"loc":{"start":{"line":180,"column":28},"end":{"line":181,"column":null}},"type":"binary-expr","locations":[{"start":{"line":180,"column":28},"end":{"line":180,"column":65}},{"start":{"line":180,"column":65},"end":{"line":180,"column":null}},{"start":{"line":181,"column":11},"end":{"line":181,"column":null}}],"line":180},"20":{"loc":{"start":{"line":185,"column":24},"end":{"line":187,"column":null}},"type":"cond-expr","locations":[{"start":{"line":186,"column":10},"end":{"line":186,"column":null}},{"start":{"line":187,"column":10},"end":{"line":187,"column":null}}],"line":185},"21":{"loc":{"start":{"line":189,"column":4},"end":{"line":191,"column":null}},"type":"if","locations":[{"start":{"line":189,"column":4},"end":{"line":191,"column":null}},{"start":{},"end":{}}],"line":189},"22":{"loc":{"start":{"line":199,"column":8},"end":{"line":199,"column":null}},"type":"if","locations":[{"start":{"line":199,"column":8},"end":{"line":199,"column":null}},{"start":{},"end":{}}],"line":199},"23":{"loc":{"start":{"line":201,"column":30},"end":{"line":201,"column":null}},"type":"cond-expr","locations":[{"start":{"line":201,"column":54},"end":{"line":201,"column":63}},{"start":{"line":201,"column":63},"end":{"line":201,"column":null}}],"line":201},"24":{"loc":{"start":{"line":202,"column":26},"end":{"line":202,"column":null}},"type":"cond-expr","locations":[{"start":{"line":202,"column":50},"end":{"line":202,"column":54}},{"start":{"line":202,"column":54},"end":{"line":202,"column":null}}],"line":202},"25":{"loc":{"start":{"line":211,"column":29},"end":{"line":211,"column":null}},"type":"binary-expr","locations":[{"start":{"line":211,"column":29},"end":{"line":211,"column":51}},{"start":{"line":211,"column":51},"end":{"line":211,"column":null}}],"line":211},"26":{"loc":{"start":{"line":216,"column":8},"end":{"line":224,"column":null}},"type":"if","locations":[{"start":{"line":216,"column":8},"end":{"line":224,"column":null}},{"start":{},"end":{}}],"line":216},"27":{"loc":{"start":{"line":227,"column":4},"end":{"line":229,"column":null}},"type":"if","locations":[{"start":{"line":227,"column":4},"end":{"line":229,"column":null}},{"start":{},"end":{}}],"line":227},"28":{"loc":{"start":{"line":231,"column":4},"end":{"line":231,"column":null}},"type":"if","locations":[{"start":{"line":231,"column":4},"end":{"line":231,"column":null}},{"start":{},"end":{}}],"line":231},"29":{"loc":{"start":{"line":232,"column":4},"end":{"line":232,"column":null}},"type":"if","locations":[{"start":{"line":232,"column":4},"end":{"line":232,"column":null}},{"start":{},"end":{}}],"line":232},"30":{"loc":{"start":{"line":235,"column":8},"end":{"line":236,"column":null}},"type":"cond-expr","locations":[{"start":{"line":235,"column":58},"end":{"line":235,"column":null}},{"start":{"line":236,"column":12},"end":{"line":236,"column":null}}],"line":235},"31":{"loc":{"start":{"line":235,"column":8},"end":{"line":235,"column":58}},"type":"binary-expr","locations":[{"start":{"line":235,"column":8},"end":{"line":235,"column":32}},{"start":{"line":235,"column":32},"end":{"line":235,"column":58}}],"line":235},"32":{"loc":{"start":{"line":236,"column":12},"end":{"line":236,"column":null}},"type":"cond-expr","locations":[{"start":{"line":236,"column":62},"end":{"line":236,"column":73}},{"start":{"line":236,"column":73},"end":{"line":236,"column":null}}],"line":236},"33":{"loc":{"start":{"line":236,"column":12},"end":{"line":236,"column":62}},"type":"binary-expr","locations":[{"start":{"line":236,"column":12},"end":{"line":236,"column":36}},{"start":{"line":236,"column":36},"end":{"line":236,"column":62}}],"line":236},"34":{"loc":{"start":{"line":266,"column":8},"end":{"line":268,"column":null}},"type":"if","locations":[{"start":{"line":266,"column":8},"end":{"line":268,"column":null}},{"start":{},"end":{}}],"line":266},"35":{"loc":{"start":{"line":266,"column":12},"end":{"line":266,"column":52}},"type":"binary-expr","locations":[{"start":{"line":266,"column":12},"end":{"line":266,"column":21}},{"start":{"line":266,"column":21},"end":{"line":266,"column":52}}],"line":266},"36":{"loc":{"start":{"line":273,"column":19},"end":{"line":273,"column":null}},"type":"binary-expr","locations":[{"start":{"line":273,"column":19},"end":{"line":273,"column":30}},{"start":{"line":273,"column":30},"end":{"line":273,"column":null}}],"line":273},"37":{"loc":{"start":{"line":274,"column":25},"end":{"line":274,"column":null}},"type":"binary-expr","locations":[{"start":{"line":274,"column":25},"end":{"line":274,"column":42}},{"start":{"line":274,"column":42},"end":{"line":274,"column":null}}],"line":274},"38":{"loc":{"start":{"line":275,"column":20},"end":{"line":275,"column":null}},"type":"cond-expr","locations":[{"start":{"line":275,"column":51},"end":{"line":275,"column":62}},{"start":{"line":275,"column":62},"end":{"line":275,"column":null}}],"line":275},"39":{"loc":{"start":{"line":276,"column":28},"end":{"line":276,"column":null}},"type":"cond-expr","locations":[{"start":{"line":276,"column":47},"end":{"line":276,"column":73}},{"start":{"line":276,"column":73},"end":{"line":276,"column":null}}],"line":276},"40":{"loc":{"start":{"line":277,"column":29},"end":{"line":277,"column":null}},"type":"cond-expr","locations":[{"start":{"line":277,"column":64},"end":{"line":277,"column":112}},{"start":{"line":277,"column":112},"end":{"line":277,"column":null}}],"line":277},"41":{"loc":{"start":{"line":278,"column":21},"end":{"line":278,"column":37}},"type":"binary-expr","locations":[{"start":{"line":278,"column":21},"end":{"line":278,"column":33}},{"start":{"line":278,"column":33},"end":{"line":278,"column":37}}],"line":278},"42":{"loc":{"start":{"line":280,"column":23},"end":{"line":280,"column":null}},"type":"binary-expr","locations":[{"start":{"line":280,"column":23},"end":{"line":280,"column":34}},{"start":{"line":280,"column":34},"end":{"line":280,"column":null}}],"line":280},"43":{"loc":{"start":{"line":281,"column":27},"end":{"line":281,"column":null}},"type":"cond-expr","locations":[{"start":{"line":281,"column":61},"end":{"line":281,"column":75}},{"start":{"line":281,"column":75},"end":{"line":281,"column":null}}],"line":281},"44":{"loc":{"start":{"line":282,"column":27},"end":{"line":282,"column":null}},"type":"cond-expr","locations":[{"start":{"line":282,"column":61},"end":{"line":282,"column":75}},{"start":{"line":282,"column":75},"end":{"line":282,"column":null}}],"line":282},"45":{"loc":{"start":{"line":283,"column":29},"end":{"line":283,"column":null}},"type":"binary-expr","locations":[{"start":{"line":283,"column":29},"end":{"line":283,"column":46}},{"start":{"line":283,"column":46},"end":{"line":283,"column":null}}],"line":283},"46":{"loc":{"start":{"line":284,"column":27},"end":{"line":284,"column":45}},"type":"binary-expr","locations":[{"start":{"line":284,"column":27},"end":{"line":284,"column":41}},{"start":{"line":284,"column":41},"end":{"line":284,"column":45}}],"line":284},"47":{"loc":{"start":{"line":286,"column":27},"end":{"line":286,"column":null}},"type":"binary-expr","locations":[{"start":{"line":286,"column":27},"end":{"line":286,"column":39}},{"start":{"line":286,"column":39},"end":{"line":286,"column":null}}],"line":286},"48":{"loc":{"start":{"line":287,"column":28},"end":{"line":287,"column":null}},"type":"cond-expr","locations":[{"start":{"line":287,"column":60},"end":{"line":287,"column":72}},{"start":{"line":287,"column":72},"end":{"line":287,"column":null}}],"line":287},"49":{"loc":{"start":{"line":288,"column":37},"end":{"line":288,"column":null}},"type":"cond-expr","locations":[{"start":{"line":288,"column":73},"end":{"line":288,"column":122}},{"start":{"line":288,"column":122},"end":{"line":288,"column":null}}],"line":288},"50":{"loc":{"start":{"line":294,"column":18},"end":{"line":294,"column":null}},"type":"binary-expr","locations":[{"start":{"line":294,"column":18},"end":{"line":294,"column":31}},{"start":{"line":294,"column":31},"end":{"line":294,"column":null}}],"line":294},"51":{"loc":{"start":{"line":295,"column":21},"end":{"line":295,"column":null}},"type":"binary-expr","locations":[{"start":{"line":295,"column":21},"end":{"line":295,"column":37}},{"start":{"line":295,"column":37},"end":{"line":295,"column":null}}],"line":295},"52":{"loc":{"start":{"line":296,"column":25},"end":{"line":296,"column":null}},"type":"binary-expr","locations":[{"start":{"line":296,"column":25},"end":{"line":296,"column":45}},{"start":{"line":296,"column":45},"end":{"line":296,"column":null}}],"line":296}},"s":{"0":1,"1":1,"2":1,"3":1,"4":1,"5":1,"6":1,"7":0,"8":1,"9":1,"10":1,"11":1,"12":1,"13":1,"14":1,"15":1,"16":1,"17":2,"18":2,"19":4,"20":4,"21":8,"22":4,"23":4,"24":4,"25":2,"26":0,"27":2,"28":1,"29":1,"30":1,"31":1,"32":1,"33":1,"34":1,"35":1,"36":1,"37":1,"38":1,"39":6,"40":0,"41":6,"42":6,"43":2,"44":6,"45":1,"46":1,"47":1,"48":2,"49":2,"50":2,"51":1,"52":0,"53":1,"54":1,"55":3,"56":3,"57":3,"58":3,"59":5,"60":5,"61":2,"62":2,"63":3,"64":1,"65":2,"66":2,"67":2,"68":2,"69":2,"70":2,"71":2,"72":2,"73":3,"74":3,"75":3,"76":1,"77":3,"78":0,"79":0,"80":2,"81":2,"82":2,"83":8,"84":27,"85":27,"86":4,"87":4,"88":0,"89":4,"90":4,"91":4,"92":4,"93":0,"94":4,"95":8,"96":4,"97":4,"98":5,"99":0,"100":5,"101":5,"102":5,"103":8,"104":8,"105":5,"106":5,"107":4,"108":0,"109":4,"110":3,"111":4,"112":2,"113":4,"114":4,"115":2,"116":4,"117":4,"118":4,"119":4,"120":1,"121":2,"122":1,"123":0,"124":1,"125":0,"126":0,"127":2,"128":1},"f":{"0":1,"1":1,"2":2,"3":4,"4":8,"5":4,"6":1,"7":1,"8":3,"9":2,"10":8,"11":27,"12":27,"13":4,"14":8,"15":8,"16":2,"17":4,"18":1,"19":0,"20":1,"21":0,"22":0},"b":{"0":[0,1],"1":[1,0],"2":[8,0],"3":[4,0],"4":[0,2],"5":[0,6],"6":[2,4],"7":[2,0],"8":[0,1],"9":[2,3],"10":[5,4],"11":[1,2],"12":[3,0],"13":[1,2],"14":[0,0],"15":[2,0],"16":[0,4],"17":[4,4],"18":[4,0],"19":[4,2,2],"20":[4,0],"21":[0,4],"22":[0,5],"23":[5,0],"24":[5,0],"25":[8,0],"26":[5,0],"27":[0,4],"28":[3,1],"29":[2,2],"30":[1,3],"31":[4,1],"32":[3,0],"33":[3,3],"34":[1,3],"35":[4,3],"36":[1,0],"37":[1,1],"38":[1,0],"39":[0,1],"40":[0,1],"41":[1,0],"42":[1,0],"43":[1,0],"44":[1,0],"45":[1,1],"46":[1,1],"47":[0,0],"48":[0,0],"49":[0,0],"50":[2,1],"51":[4,1],"52":[4,1]},"meta":{"lastBranch":53,"lastFunction":23,"lastStatement":129,"seen":{"f:29:22:29:40":0,"s:31:20:31:Infinity":0,"s:33:24:33:Infinity":1,"s:34:19:34:Infinity":2,"s:36:19:36:Infinity":3,"s:37:16:37:Infinity":4,"s:39:19:39:Infinity":5,"b:40:4:42:Infinity:undefined:undefined:undefined:undefined":0,"s:40:4:42:Infinity":6,"s:41:8:41:Infinity":7,"s:45:24:45:Infinity":8,"s:46:20:46:Infinity":9,"s:47:4:50:Infinity":10,"f:47:19:47:24":1,"s:48:22:48:Infinity":11,"b:49:8:49:Infinity:undefined:undefined:undefined:undefined":1,"s:49:8:49:Infinity":12,"s:49:33:49:52":13,"s:49:52:49:62":14,"s:52:21:52:Infinity":15,"s:53:4:53:Infinity":16,"f:56:16:56:37":2,"s:57:29:57:Infinity":17,"s:58:4:64:Infinity":18,"f:58:41:58:47":3,"s:59:32:59:Infinity":19,"s:60:8:62:Infinity":20,"f:60:46:60:52":4,"s:61:12:61:Infinity":21,"b:61:23:61:49:61:49:61:51":2,"b:63:8:63:Infinity:undefined:undefined:undefined:undefined":3,"s:63:8:63:Infinity":22,"f:63:23:63:28":5,"s:63:28:63:40":23,"s:63:43:63:Infinity":24,"b:66:4:66:Infinity:undefined:undefined:undefined:undefined":4,"s:66:4:66:Infinity":25,"s:66:25:66:Infinity":26,"s:68:4:71:Infinity":27,"f:76:22:76:39":6,"s:78:21:78:Infinity":28,"s:81:4:81:Infinity":29,"s:83:24:83:Infinity":30,"s:84:19:84:Infinity":31,"s:86:31:86:Infinity":32,"s:87:4:106:Infinity":33,"s:87:17:87:20":34,"s:88:21:88:Infinity":35,"s:89:24:89:Infinity":36,"s:92:24:92:Infinity":37,"s:93:8:98:Infinity":38,"b:94:12:94:Infinity:undefined:undefined:undefined:undefined":5,"s:94:12:94:Infinity":39,"s:94:34:94:Infinity":40,"s:95:22:95:Infinity":41,"b:96:12:96:Infinity:undefined:undefined:undefined:undefined":6,"s:96:12:96:Infinity":42,"s:96:33:96:Infinity":43,"s:97:12:97:Infinity":44,"s:101:23:101:Infinity":45,"f:101:51:101:52":7,"s:101:61:101:72":46,"s:102:8:105:Infinity":47,"s:103:25:103:Infinity":48,"b:104:12:104:Infinity:undefined:undefined:undefined:undefined":7,"s:104:12:104:Infinity":49,"s:104:22:104:Infinity":50,"b:108:4:110:Infinity:undefined:undefined:undefined:undefined":8,"s:108:4:110:Infinity":51,"s:109:8:109:Infinity":52,"s:112:21:112:Infinity":53,"s:113:4:113:Infinity":54,"f:121:16:121:37":8,"s:123:27:123:Infinity":55,"s:125:20:125:Infinity":56,"s:126:4:132:Infinity":57,"s:126:17:126:20":58,"s:127:24:127:Infinity":59,"b:128:8:131:Infinity:undefined:undefined:undefined:undefined":9,"s:128:8:131:Infinity":60,"b:128:12:128:23:128:23:128:44":10,"s:129:12:129:Infinity":61,"s:130:12:130:Infinity":62,"b:134:4:137:Infinity:undefined:undefined:undefined:undefined":11,"s:134:4:137:Infinity":63,"s:136:8:136:Infinity":64,"f:136:46:136:51":9,"s:136:51:136:54":65,"s:140:23:140:Infinity":66,"s:141:20:141:Infinity":67,"s:144:22:144:Infinity":68,"s:145:20:145:Infinity":69,"s:146:29:146:Infinity":70,"s:148:28:148:Infinity":71,"s:149:4:158:Infinity":72,"s:150:22:150:Infinity":73,"b:151:8:157:Infinity:154:8:157:Infinity":12,"s:151:8:157:Infinity":74,"b:152:12:152:Infinity:undefined:undefined:undefined:undefined":13,"s:152:12:152:Infinity":75,"s:152:32:152:Infinity":76,"s:153:12:153:Infinity":77,"b:154:8:157:Infinity:undefined:undefined:undefined:undefined":14,"s:154:8:157:Infinity":78,"s:156:12:156:Infinity":79,"b:159:4:159:Infinity:undefined:undefined:undefined:undefined":15,"s:159:4:159:Infinity":80,"s:159:24:159:Infinity":81,"s:161:4:161:Infinity":82,"f:164:16:164:27":10,"s:166:4:166:Infinity":83,"f:166:44:166:49":11,"s:166:49:166:57":84,"f:166:66:166:71":12,"s:166:71:166:83":85,"f:171:16:171:34":13,"s:172:31:172:Infinity":86,"b:174:4:176:Infinity:undefined:undefined:undefined:undefined":16,"s:174:4:176:Infinity":87,"b:174:8:174:36:174:36:174:59":17,"s:175:8:175:Infinity":88,"s:179:24:179:Infinity":89,"s:180:28:183:Infinity":90,"b:182:10:182:Infinity:183:10:183:Infinity":18,"b:180:28:180:65:180:65:180:Infinity:181:11:181:Infinity":19,"s:185:24:187:Infinity":91,"b:186:10:186:Infinity:187:10:187:Infinity":20,"b:189:4:191:Infinity:undefined:undefined:undefined:undefined":21,"s:189:4:191:Infinity":92,"s:190:8:190:Infinity":93,"s:194:26:194:Infinity":94,"f:194:26:194:27":14,"s:194:58:194:Infinity":95,"s:196:40:196:Infinity":96,"s:198:4:225:Infinity":97,"b:199:8:199:Infinity:undefined:undefined:undefined:undefined":22,"s:199:8:199:Infinity":98,"s:199:30:199:Infinity":99,"s:201:30:201:Infinity":100,"b:201:54:201:63:201:63:201:Infinity":23,"s:202:26:202:Infinity":101,"b:202:50:202:54:202:54:202:Infinity":24,"s:204:38:214:Infinity":102,"f:204:54:204:55":15,"s:205:24:205:Infinity":103,"s:206:12:213:Infinity":104,"b:211:29:211:51:211:51:211:Infinity":25,"b:216:8:224:Infinity:undefined:undefined:undefined:undefined":26,"s:216:8:224:Infinity":105,"s:217:12:223:Infinity":106,"b:227:4:229:Infinity:undefined:undefined:undefined:undefined":27,"s:227:4:229:Infinity":107,"s:228:8:228:Infinity":108,"b:231:4:231:Infinity:undefined:undefined:undefined:undefined":28,"s:231:4:231:Infinity":109,"s:231:29:231:Infinity":110,"b:232:4:232:Infinity:undefined:undefined:undefined:undefined":29,"s:232:4:232:Infinity":111,"s:232:32:232:Infinity":112,"s:235:8:236:Infinity":113,"b:235:58:235:Infinity:236:12:236:Infinity":30,"b:235:8:235:32:235:32:235:58":31,"b:236:62:236:73:236:73:236:Infinity":32,"b:236:12:236:36:236:36:236:62":33,"s:238:4:245:Infinity":114,"f:248:9:248:21":16,"s:249:4:256:Infinity":115,"f:261:22:261:40":17,"s:262:4:303:Infinity":116,"s:263:21:263:Infinity":117,"s:264:21:264:Infinity":118,"b:266:8:268:Infinity:undefined:undefined:undefined:undefined":34,"s:266:8:268:Infinity":119,"b:266:12:266:21:266:21:266:52":35,"s:267:12:267:Infinity":120,"s:271:44:291:Infinity":121,"f:271:62:271:63":18,"s:271:75:291:10":122,"b:273:19:273:30:273:30:273:Infinity":36,"b:274:25:274:42:274:42:274:Infinity":37,"b:275:51:275:62:275:62:275:Infinity":38,"b:276:47:276:73:276:73:276:Infinity":39,"b:277:64:277:112:277:112:277:Infinity":40,"f:277:86:277:87":19,"s:277:99:277:108":123,"b:278:21:278:33:278:33:278:37":41,"f:278:41:278:42":20,"s:278:54:290:14":124,"b:280:23:280:34:280:34:280:Infinity":42,"b:281:61:281:75:281:75:281:Infinity":43,"b:282:61:282:75:282:75:282:Infinity":44,"b:283:29:283:46:283:46:283:Infinity":45,"b:284:27:284:41:284:41:284:45":46,"f:284:49:284:50":21,"s:284:63:289:18":125,"b:286:27:286:39:286:39:286:Infinity":47,"b:287:60:287:72:287:72:287:Infinity":48,"b:288:73:288:122:288:122:288:Infinity":49,"f:288:96:288:97":22,"s:288:109:288:118":126,"s:293:8:300:Infinity":127,"b:294:18:294:31:294:31:294:Infinity":50,"b:295:21:295:37:295:37:295:Infinity":51,"b:296:25:296:45:296:45:296:Infinity":52,"s:302:8:302:Infinity":128}}}
}
